2025-01-26 16:44:39.517459: I Loading parameters
2025-01-26 16:44:39.517992: I Parameter lr set to 0.5
2025-01-26 16:44:39.518106: I Parameter mf_factors set to 256
2025-01-26 16:44:39.518236: I Parameter dropout set to 0
2025-01-26 16:44:39.518393: I Parameter batch_eval set to 256
2025-01-26 16:44:39.518573: I Parameter is_mf_train set to True
2025-01-26 16:44:39.518739: I Parameter is_mlp_train set to True
2025-01-26 16:44:39.518909: I Parameter m set to 8
2025-01-26 16:45:45.004064: I Epoch 1/10 loss 1424.70024
2025-01-26 16:45:45.004712: I Writing recommendations at: /data/raid5/data/maximilian_hess/RecSys2023_hyperparameter_tuning/results/Untuned_epinions/run_1
2025-01-26 16:45:45.307201: I ******************************************
2025-01-26 16:46:41.750957: I Epoch 2/10 loss 356.34218
2025-01-26 16:46:41.751730: I Writing recommendations at: /data/raid5/data/maximilian_hess/RecSys2023_hyperparameter_tuning/results/Untuned_epinions/run_1
2025-01-26 16:47:28.748235: I Epoch 3/10 loss 158.30285
2025-01-26 16:47:28.748916: I Writing recommendations at: /data/raid5/data/maximilian_hess/RecSys2023_hyperparameter_tuning/results/Untuned_epinions/run_1
2025-01-26 16:48:40.256220: I Epoch 4/10 loss 89.03523
2025-01-26 16:48:40.257423: I Writing recommendations at: /data/raid5/data/maximilian_hess/RecSys2023_hyperparameter_tuning/results/Untuned_epinions/run_1
2025-01-26 16:49:54.195313: I Epoch 5/10 loss 56.96695
2025-01-26 16:49:54.212361: I Writing recommendations at: /data/raid5/data/maximilian_hess/RecSys2023_hyperparameter_tuning/results/Untuned_epinions/run_1
2025-01-26 16:51:10.112792: I Epoch 6/10 loss 39.56909
2025-01-26 16:51:10.121263: I Writing recommendations at: /data/raid5/data/maximilian_hess/RecSys2023_hyperparameter_tuning/results/Untuned_epinions/run_1
2025-01-26 16:52:08.214740: I Epoch 7/10 loss 29.08563
2025-01-26 16:52:08.215390: I Writing recommendations at: /data/raid5/data/maximilian_hess/RecSys2023_hyperparameter_tuning/results/Untuned_epinions/run_1
2025-01-26 16:53:09.561938: I Epoch 8/10 loss 22.28370
2025-01-26 16:53:09.562664: I Writing recommendations at: /data/raid5/data/maximilian_hess/RecSys2023_hyperparameter_tuning/results/Untuned_epinions/run_1
2025-01-26 16:54:19.635343: I Epoch 9/10 loss 17.58715
2025-01-26 16:54:19.635917: I Writing recommendations at: /data/raid5/data/maximilian_hess/RecSys2023_hyperparameter_tuning/results/Untuned_epinions/run_1
2025-01-26 16:55:31.851166: I Epoch 10/10 loss 14.24344
2025-01-26 16:55:31.852226: I Writing recommendations at: /data/raid5/data/maximilian_hess/RecSys2023_hyperparameter_tuning/results/Untuned_epinions/run_1
