2025-02-01 13:26:49.078145: I Loading parameters
2025-02-01 13:26:49.079012: I Parameter lr set to 0.06
2025-02-01 13:26:49.079154: I Parameter embedding_size set to 50
2025-02-01 13:26:49.079396: I Parameter cnn_channels set to [1, 16, 16]
2025-02-01 13:26:49.079556: I Parameter cnn_kernels set to [2, 2]
2025-02-01 13:26:49.079717: I Parameter cnn_strides set to [2, 2]
2025-02-01 13:26:49.079848: I Parameter dropout_prob set to 0.5
2025-02-01 13:26:49.079983: I Parameter l_w set to 0.07
2025-02-01 13:26:49.080114: I Parameter l_b set to 0.06
2025-02-01 13:27:31.281954: I Epoch 1/10 loss 911326.31250
2025-02-01 13:27:31.282617: I Writing recommendations at: /data/raid5/data/maximilian_hess/RecSys2023_hyperparameter_tuning/results/Untuned_amazon/run_1
2025-02-01 13:27:31.646430: I ******************************************
2025-02-01 13:28:13.467973: I Epoch 2/10 loss 238771.26562
2025-02-01 13:28:13.468617: I Writing recommendations at: /data/raid5/data/maximilian_hess/RecSys2023_hyperparameter_tuning/results/Untuned_amazon/run_1
2025-02-01 13:28:13.802810: I ******************************************
2025-02-01 13:28:54.853222: I Epoch 3/10 loss 106923.83333
2025-02-01 13:28:54.855338: I Writing recommendations at: /data/raid5/data/maximilian_hess/RecSys2023_hyperparameter_tuning/results/Untuned_amazon/run_1
2025-02-01 13:29:29.355866: I Epoch 4/10 loss 61584.46484
2025-02-01 13:29:29.356514: I Writing recommendations at: /data/raid5/data/maximilian_hess/RecSys2023_hyperparameter_tuning/results/Untuned_amazon/run_1
2025-02-01 13:29:58.793505: I Epoch 5/10 loss 37976.95750
2025-02-01 13:29:58.794100: I Writing recommendations at: /data/raid5/data/maximilian_hess/RecSys2023_hyperparameter_tuning/results/Untuned_amazon/run_1
2025-02-01 13:29:58.939226: I ******************************************
2025-02-01 13:30:27.874633: I Epoch 6/10 loss 22540.52951
2025-02-01 13:30:27.875260: I Writing recommendations at: /data/raid5/data/maximilian_hess/RecSys2023_hyperparameter_tuning/results/Untuned_amazon/run_1
2025-02-01 13:31:03.617647: I Epoch 7/10 loss 15920.39286
2025-02-01 13:31:03.618414: I Writing recommendations at: /data/raid5/data/maximilian_hess/RecSys2023_hyperparameter_tuning/results/Untuned_amazon/run_1
2025-02-01 13:31:45.950538: I Epoch 8/10 loss 11375.51855
2025-02-01 13:31:45.951278: I Writing recommendations at: /data/raid5/data/maximilian_hess/RecSys2023_hyperparameter_tuning/results/Untuned_amazon/run_1
2025-02-01 13:32:28.362445: I Epoch 9/10 loss 8857.57948
2025-02-01 13:32:28.363060: I Writing recommendations at: /data/raid5/data/maximilian_hess/RecSys2023_hyperparameter_tuning/results/Untuned_amazon/run_1
2025-02-01 13:33:09.993998: I Epoch 10/10 loss 7242.96688
2025-02-01 13:33:09.994787: I Writing recommendations at: /data/raid5/data/maximilian_hess/RecSys2023_hyperparameter_tuning/results/Untuned_amazon/run_1
