2025-01-26 17:54:36.059382: I Loading parameters
2025-01-26 17:54:36.059927: I Parameter lr set to 0.07
2025-01-26 17:54:36.060572: I Parameter embedding_size set to 100
2025-01-26 17:54:36.061290: I Parameter cnn_channels set to [1, 16, 16]
2025-01-26 17:54:36.061394: I Parameter cnn_kernels set to [2, 2]
2025-01-26 17:54:36.061486: I Parameter cnn_strides set to [2, 2]
2025-01-26 17:54:36.061557: I Parameter dropout_prob set to 0.4
2025-01-26 17:54:36.061642: I Parameter l_w set to 0.05
2025-01-26 17:54:36.061727: I Parameter l_b set to 0.03
2025-01-26 17:55:15.603766: I Epoch 1/10 loss 431.36777
2025-01-26 17:55:15.604702: I Writing recommendations at: /data/raid5/data/maximilian_hess/RecSys2023_hyperparameter_tuning/results/Untuned_amazon/run_1
2025-01-26 17:55:15.738679: I ******************************************
2025-01-26 17:55:53.836151: I Epoch 2/10 loss 44.79893
2025-01-26 17:55:53.837293: I Writing recommendations at: /data/raid5/data/maximilian_hess/RecSys2023_hyperparameter_tuning/results/Untuned_amazon/run_1
2025-01-26 17:56:28.564744: I Epoch 3/10 loss 19.79801
2025-01-26 17:56:28.565528: I Writing recommendations at: /data/raid5/data/maximilian_hess/RecSys2023_hyperparameter_tuning/results/Untuned_amazon/run_1
2025-01-26 17:57:05.325538: I Epoch 4/10 loss 11.12352
2025-01-26 17:57:05.326409: I Writing recommendations at: /data/raid5/data/maximilian_hess/RecSys2023_hyperparameter_tuning/results/Untuned_amazon/run_1
2025-01-26 17:57:44.560653: I Epoch 5/10 loss 7.11394
2025-01-26 17:57:44.561411: I Writing recommendations at: /data/raid5/data/maximilian_hess/RecSys2023_hyperparameter_tuning/results/Untuned_amazon/run_1
2025-01-26 17:58:23.686604: I Epoch 6/10 loss 4.94478
2025-01-26 17:58:23.687356: I Writing recommendations at: /data/raid5/data/maximilian_hess/RecSys2023_hyperparameter_tuning/results/Untuned_amazon/run_1
2025-01-26 17:59:01.579269: I Epoch 7/10 loss 3.64031
2025-01-26 17:59:01.580232: I Writing recommendations at: /data/raid5/data/maximilian_hess/RecSys2023_hyperparameter_tuning/results/Untuned_amazon/run_1
2025-01-26 17:59:36.408283: I Epoch 8/10 loss 2.78664
2025-01-26 17:59:36.413347: I Writing recommendations at: /data/raid5/data/maximilian_hess/RecSys2023_hyperparameter_tuning/results/Untuned_amazon/run_1
2025-01-26 18:00:14.170003: I Epoch 9/10 loss 2.19892
2025-01-26 18:00:14.170816: I Writing recommendations at: /data/raid5/data/maximilian_hess/RecSys2023_hyperparameter_tuning/results/Untuned_amazon/run_1
2025-01-26 18:00:52.514357: I Epoch 10/10 loss 1.78646
2025-01-26 18:00:52.515426: I Writing recommendations at: /data/raid5/data/maximilian_hess/RecSys2023_hyperparameter_tuning/results/Untuned_amazon/run_1
