2025-01-27 12:10:20.995026: I Loading parameters
2025-01-27 12:10:20.995641: I Parameter lr set to 0.07
2025-01-27 12:10:20.996098: I Parameter embedding_size set to 100
2025-01-27 12:10:20.998523: I Parameter cnn_channels set to [1, 16, 16]
2025-01-27 12:10:20.998639: I Parameter cnn_kernels set to [2, 2]
2025-01-27 12:10:21.001164: I Parameter cnn_strides set to [2, 2]
2025-01-27 12:10:21.001250: I Parameter dropout_prob set to 0.4
2025-01-27 12:10:21.001332: I Parameter l_w set to 0.05
2025-01-27 12:10:21.027939: I Parameter l_b set to 0.03
2025-01-27 12:11:09.453856: I Epoch 1/10 loss 451.44333
2025-01-27 12:11:09.466463: I Writing recommendations at: /data/raid5/data/maximilian_hess/RecSys2023_hyperparameter_tuning/results/Untuned_amazon/run_1
2025-01-27 12:11:09.646588: I ******************************************
2025-01-27 12:11:47.803133: I Epoch 2/10 loss 44.77810
2025-01-27 12:11:47.803670: I Writing recommendations at: /data/raid5/data/maximilian_hess/RecSys2023_hyperparameter_tuning/results/Untuned_amazon/run_1
2025-01-27 12:12:37.125403: I Epoch 3/10 loss 19.80614
2025-01-27 12:12:37.126437: I Writing recommendations at: /data/raid5/data/maximilian_hess/RecSys2023_hyperparameter_tuning/results/Untuned_amazon/run_1
2025-01-27 12:13:29.679176: I Epoch 4/10 loss 11.12777
2025-01-27 12:13:29.680080: I Writing recommendations at: /data/raid5/data/maximilian_hess/RecSys2023_hyperparameter_tuning/results/Untuned_amazon/run_1
2025-01-27 12:14:23.439162: I Epoch 5/10 loss 7.11417
2025-01-27 12:14:23.440539: I Writing recommendations at: /data/raid5/data/maximilian_hess/RecSys2023_hyperparameter_tuning/results/Untuned_amazon/run_1
2025-01-27 12:15:13.404466: I Epoch 6/10 loss 4.94488
2025-01-27 12:15:13.405026: I Writing recommendations at: /data/raid5/data/maximilian_hess/RecSys2023_hyperparameter_tuning/results/Untuned_amazon/run_1
2025-01-27 12:15:48.788984: I Epoch 7/10 loss 3.63875
2025-01-27 12:15:48.789555: I Writing recommendations at: /data/raid5/data/maximilian_hess/RecSys2023_hyperparameter_tuning/results/Untuned_amazon/run_1
2025-01-27 12:16:24.815115: I Epoch 8/10 loss 2.78712
2025-01-27 12:16:24.815779: I Writing recommendations at: /data/raid5/data/maximilian_hess/RecSys2023_hyperparameter_tuning/results/Untuned_amazon/run_1
2025-01-27 12:17:16.857198: I Epoch 9/10 loss 2.20867
2025-01-27 12:17:16.872346: I Writing recommendations at: /data/raid5/data/maximilian_hess/RecSys2023_hyperparameter_tuning/results/Untuned_amazon/run_1
2025-01-27 12:18:09.467196: I Epoch 10/10 loss 1.78675
2025-01-27 12:18:09.468085: I Writing recommendations at: /data/raid5/data/maximilian_hess/RecSys2023_hyperparameter_tuning/results/Untuned_amazon/run_1
2025-01-27 12:18:09.782346: I Loading parameters
2025-01-27 12:18:09.782891: I Parameter lr set to 0.07
2025-01-27 12:18:09.783273: I Parameter embedding_size set to 100
2025-01-27 12:18:09.789629: I Parameter cnn_channels set to [1, 16, 16]
2025-01-27 12:18:09.790437: I Parameter cnn_kernels set to [2, 2]
2025-01-27 12:18:09.790626: I Parameter cnn_strides set to [2, 2]
2025-01-27 12:18:09.790784: I Parameter dropout_prob set to 0.4
2025-01-27 12:18:09.790936: I Parameter l_w set to 0.05
2025-01-27 12:18:09.791084: I Parameter l_b set to 0.03
2025-01-27 12:19:05.294293: I Epoch 1/10 loss 466.05490
2025-01-27 12:19:05.295414: I Writing recommendations at: /data/raid5/data/maximilian_hess/RecSys2023_hyperparameter_tuning/results/Untuned_amazon/run_1
2025-01-27 12:19:05.625040: I ******************************************
2025-01-27 12:19:56.633779: I Epoch 2/10 loss 44.73973
2025-01-27 12:19:56.634595: I Writing recommendations at: /data/raid5/data/maximilian_hess/RecSys2023_hyperparameter_tuning/results/Untuned_amazon/run_1
2025-01-27 12:20:33.096193: I Epoch 3/10 loss 19.79540
2025-01-27 12:20:33.096848: I Writing recommendations at: /data/raid5/data/maximilian_hess/RecSys2023_hyperparameter_tuning/results/Untuned_amazon/run_1
2025-01-27 12:21:10.544987: I Epoch 4/10 loss 11.12250
2025-01-27 12:21:10.545775: I Writing recommendations at: /data/raid5/data/maximilian_hess/RecSys2023_hyperparameter_tuning/results/Untuned_amazon/run_1
2025-01-27 12:21:54.747211: I Epoch 5/10 loss 7.11355
2025-01-27 12:21:54.748052: I Writing recommendations at: /data/raid5/data/maximilian_hess/RecSys2023_hyperparameter_tuning/results/Untuned_amazon/run_1
2025-01-27 12:22:56.376982: I Epoch 6/10 loss 4.94436
2025-01-27 12:22:56.400333: I Writing recommendations at: /data/raid5/data/maximilian_hess/RecSys2023_hyperparameter_tuning/results/Untuned_amazon/run_1
2025-01-27 12:23:58.135813: I Epoch 7/10 loss 3.64005
2025-01-27 12:23:58.136578: I Writing recommendations at: /data/raid5/data/maximilian_hess/RecSys2023_hyperparameter_tuning/results/Untuned_amazon/run_1
2025-01-27 12:24:49.082608: I Epoch 8/10 loss 2.78465
2025-01-27 12:24:49.083336: I Writing recommendations at: /data/raid5/data/maximilian_hess/RecSys2023_hyperparameter_tuning/results/Untuned_amazon/run_1
2025-01-27 12:25:24.128011: I Epoch 9/10 loss 2.20205
2025-01-27 12:25:24.128597: I Writing recommendations at: /data/raid5/data/maximilian_hess/RecSys2023_hyperparameter_tuning/results/Untuned_amazon/run_1
2025-01-27 12:26:00.804462: I Epoch 10/10 loss 1.78986
2025-01-27 12:26:00.805279: I Writing recommendations at: /data/raid5/data/maximilian_hess/RecSys2023_hyperparameter_tuning/results/Untuned_amazon/run_1
