2025-01-26 17:11:19.296463: I Loading parameters
2025-01-26 17:11:19.297210: I Parameter lr set to 0.06
2025-01-26 17:11:19.297349: I Parameter embedding_size set to 50
2025-01-26 17:11:19.297578: I Parameter cnn_channels set to [1, 16, 16]
2025-01-26 17:11:19.297736: I Parameter cnn_kernels set to [2, 2]
2025-01-26 17:11:19.297883: I Parameter cnn_strides set to [2, 2]
2025-01-26 17:11:19.298016: I Parameter dropout_prob set to 0.5
2025-01-26 17:11:19.298145: I Parameter l_w set to 0.07
2025-01-26 17:11:19.298276: I Parameter l_b set to 0.06
2025-01-26 17:11:50.801392: I Epoch 1/10 loss 734255.18750
2025-01-26 17:11:50.801983: I Writing recommendations at: /data/raid5/data/maximilian_hess/RecSys2023_hyperparameter_tuning/results/Untuned_amazon/run_1
2025-01-26 17:11:51.014111: I ******************************************
2025-01-26 17:12:24.013841: I Epoch 2/10 loss 163088.34375
2025-01-26 17:12:24.015622: I Writing recommendations at: /data/raid5/data/maximilian_hess/RecSys2023_hyperparameter_tuning/results/Untuned_amazon/run_1
2025-01-26 17:12:24.193677: I ******************************************
2025-01-26 17:13:01.253272: I Epoch 3/10 loss 59224.09722
2025-01-26 17:13:01.254761: I Writing recommendations at: /data/raid5/data/maximilian_hess/RecSys2023_hyperparameter_tuning/results/Untuned_amazon/run_1
2025-01-26 17:13:35.731302: I Epoch 4/10 loss 33416.70312
2025-01-26 17:13:35.744450: I Writing recommendations at: /data/raid5/data/maximilian_hess/RecSys2023_hyperparameter_tuning/results/Untuned_amazon/run_1
2025-01-26 17:13:36.167447: I ******************************************
2025-01-26 17:14:09.247321: I Epoch 5/10 loss 22234.43250
2025-01-26 17:14:09.247960: I Writing recommendations at: /data/raid5/data/maximilian_hess/RecSys2023_hyperparameter_tuning/results/Untuned_amazon/run_1
2025-01-26 17:14:44.844828: I Epoch 6/10 loss 15765.85590
2025-01-26 17:14:44.856201: I Writing recommendations at: /data/raid5/data/maximilian_hess/RecSys2023_hyperparameter_tuning/results/Untuned_amazon/run_1
2025-01-26 17:15:18.445689: I Epoch 7/10 loss 11863.86224
2025-01-26 17:15:18.446388: I Writing recommendations at: /data/raid5/data/maximilian_hess/RecSys2023_hyperparameter_tuning/results/Untuned_amazon/run_1
2025-01-26 17:15:53.756506: I Epoch 8/10 loss 9079.69043
2025-01-26 17:15:53.757640: I Writing recommendations at: /data/raid5/data/maximilian_hess/RecSys2023_hyperparameter_tuning/results/Untuned_amazon/run_1
2025-01-26 17:16:31.341918: I Epoch 9/10 loss 7635.98534
2025-01-26 17:16:31.343693: I Writing recommendations at: /data/raid5/data/maximilian_hess/RecSys2023_hyperparameter_tuning/results/Untuned_amazon/run_1
2025-01-26 17:17:05.573436: I Epoch 10/10 loss 5871.28938
2025-01-26 17:17:05.575167: I Writing recommendations at: /data/raid5/data/maximilian_hess/RecSys2023_hyperparameter_tuning/results/Untuned_amazon/run_1
