2025-01-27 11:30:31.712039: I Loading parameters
2025-01-27 11:30:31.712559: I Parameter lr set to 0.06
2025-01-27 11:30:31.712994: I Parameter embedding_size set to 50
2025-01-27 11:30:31.713552: I Parameter cnn_channels set to [1, 16, 16]
2025-01-27 11:30:31.714025: I Parameter cnn_kernels set to [2, 2]
2025-01-27 11:30:31.714474: I Parameter cnn_strides set to [2, 2]
2025-01-27 11:30:31.714908: I Parameter dropout_prob set to 0.5
2025-01-27 11:30:31.715338: I Parameter l_w set to 0.07
2025-01-27 11:30:31.715762: I Parameter l_b set to 0.06
2025-01-27 11:31:15.857787: I Epoch 1/10 loss 747509.37500
2025-01-27 11:31:15.861175: I Writing recommendations at: /data/raid5/data/maximilian_hess/RecSys2023_hyperparameter_tuning/results/Untuned_amazon/run_1
2025-01-27 11:31:16.281971: I ******************************************
2025-01-27 11:31:58.806943: I Epoch 2/10 loss 226367.81250
2025-01-27 11:31:58.808197: I Writing recommendations at: /data/raid5/data/maximilian_hess/RecSys2023_hyperparameter_tuning/results/Untuned_amazon/run_1
2025-01-27 11:31:59.035570: I ******************************************
2025-01-27 11:32:36.335274: I Epoch 3/10 loss 93041.27083
2025-01-27 11:32:36.345586: I Writing recommendations at: /data/raid5/data/maximilian_hess/RecSys2023_hyperparameter_tuning/results/Untuned_amazon/run_1
2025-01-27 11:32:36.555535: I ******************************************
2025-01-27 11:33:27.870390: I Epoch 4/10 loss 49033.08984
2025-01-27 11:33:27.870848: I Writing recommendations at: /data/raid5/data/maximilian_hess/RecSys2023_hyperparameter_tuning/results/Untuned_amazon/run_1
2025-01-27 11:34:27.106807: I Epoch 5/10 loss 31281.93250
2025-01-27 11:34:27.107827: I Writing recommendations at: /data/raid5/data/maximilian_hess/RecSys2023_hyperparameter_tuning/results/Untuned_amazon/run_1
2025-01-27 11:35:15.251067: I Epoch 6/10 loss 22079.62500
2025-01-27 11:35:15.256359: I Writing recommendations at: /data/raid5/data/maximilian_hess/RecSys2023_hyperparameter_tuning/results/Untuned_amazon/run_1
2025-01-27 11:36:03.126539: I Epoch 7/10 loss 16358.24235
2025-01-27 11:36:03.128379: I Writing recommendations at: /data/raid5/data/maximilian_hess/RecSys2023_hyperparameter_tuning/results/Untuned_amazon/run_1
2025-01-27 11:36:43.973680: I Epoch 8/10 loss 12395.53418
2025-01-27 11:36:43.975142: I Writing recommendations at: /data/raid5/data/maximilian_hess/RecSys2023_hyperparameter_tuning/results/Untuned_amazon/run_1
2025-01-27 11:37:28.522261: I Epoch 9/10 loss 9892.41127
2025-01-27 11:37:28.533780: I Writing recommendations at: /data/raid5/data/maximilian_hess/RecSys2023_hyperparameter_tuning/results/Untuned_amazon/run_1
2025-01-27 11:38:08.661273: I Epoch 10/10 loss 7973.19687
2025-01-27 11:38:08.661925: I Writing recommendations at: /data/raid5/data/maximilian_hess/RecSys2023_hyperparameter_tuning/results/Untuned_amazon/run_1
