2025-02-01 14:20:59.390175: I Loading parameters
2025-02-01 14:20:59.390381: I Parameter neighborhood set to -1
2025-02-01 14:20:59.390555: I Parameter l2_norm set to 3.72
2025-02-01 14:20:59.774275: I The similarity computation has taken: 0.3833129405975342
2025-02-01 14:21:10.159613: I Finished
2025-02-01 14:21:10.160045: I Writing recommendations at: /data/raid5/data/maximilian_hess/RecSys2023_hyperparameter_tuning/results/Untuned_amazon/run_1
2025-02-01 14:21:10.396453: I ******************************************
2025-02-01 14:21:10.424149: I Loading parameters
2025-02-01 14:21:10.424470: I Parameter neighborhood set to -1
2025-02-01 14:21:10.424742: I Parameter l2_norm set to 3.72
2025-02-01 14:21:10.826648: I The similarity computation has taken: 0.40128374099731445
2025-02-01 14:21:21.180412: I Finished
2025-02-01 14:21:21.180858: I Writing recommendations at: /data/raid5/data/maximilian_hess/RecSys2023_hyperparameter_tuning/results/Untuned_amazon/run_1
2025-02-01 14:21:21.391601: I ******************************************
2025-02-01 14:21:21.418898: I Loading parameters
2025-02-01 14:21:21.419319: I Parameter neighborhood set to -1
2025-02-01 14:21:21.419693: I Parameter l2_norm set to 3.72
2025-02-01 14:21:21.821688: I The similarity computation has taken: 0.4009580612182617
2025-02-01 14:21:32.167964: I Finished
2025-02-01 14:21:32.168411: I Writing recommendations at: /data/raid5/data/maximilian_hess/RecSys2023_hyperparameter_tuning/results/Untuned_amazon/run_1
2025-02-01 14:21:32.376051: I ******************************************
2025-02-01 14:21:32.399440: I Loading parameters
2025-02-01 14:21:32.399938: I Parameter neighborhood set to -1
2025-02-01 14:21:32.400522: I Parameter l2_norm set to 3.72
2025-02-01 14:21:32.773278: I The similarity computation has taken: 0.3722069263458252
2025-02-01 14:21:43.139555: I Finished
2025-02-01 14:21:43.140106: I Writing recommendations at: /data/raid5/data/maximilian_hess/RecSys2023_hyperparameter_tuning/results/Untuned_amazon/run_1
2025-02-01 14:21:43.374128: I ******************************************
