2025-01-30 09:38:30.743342: I Loading parameters
2025-01-30 09:38:30.743843: I Parameter lr set to 0.07
2025-01-30 09:38:30.744221: I Parameter mf_factors set to 256
2025-01-30 09:38:30.744577: I Parameter is_edge_weight_train set to True
2025-01-30 09:38:34.569570: I Epoch 1/15 loss 37.65998
2025-01-30 09:38:34.570155: I Writing recommendations at: /data/raid5/data/maximilian_hess/RecSys2023_hyperparameter_tuning/results/Untuned_amazon/run_1
2025-01-30 09:38:34.736750: I ******************************************
2025-01-30 09:38:38.186375: I Epoch 2/15 loss 8.52488
2025-01-30 09:38:38.186755: I Writing recommendations at: /data/raid5/data/maximilian_hess/RecSys2023_hyperparameter_tuning/results/Untuned_amazon/run_1
2025-01-30 09:38:38.354435: I ******************************************
2025-01-30 09:38:41.883572: I Epoch 3/15 loss 3.68606
2025-01-30 09:38:41.883977: I Writing recommendations at: /data/raid5/data/maximilian_hess/RecSys2023_hyperparameter_tuning/results/Untuned_amazon/run_1
2025-01-30 09:38:45.476055: I Epoch 4/15 loss 2.13209
2025-01-30 09:38:45.476481: I Writing recommendations at: /data/raid5/data/maximilian_hess/RecSys2023_hyperparameter_tuning/results/Untuned_amazon/run_1
2025-01-30 09:38:45.643386: I ******************************************
2025-01-30 09:38:49.116661: I Epoch 5/15 loss 1.41938
2025-01-30 09:38:49.117056: I Writing recommendations at: /data/raid5/data/maximilian_hess/RecSys2023_hyperparameter_tuning/results/Untuned_amazon/run_1
2025-01-30 09:38:52.718006: I Epoch 6/15 loss 0.97736
2025-01-30 09:38:52.718513: I Writing recommendations at: /data/raid5/data/maximilian_hess/RecSys2023_hyperparameter_tuning/results/Untuned_amazon/run_1
2025-01-30 09:38:56.317637: I Epoch 7/15 loss 0.79248
2025-01-30 09:38:56.318096: I Writing recommendations at: /data/raid5/data/maximilian_hess/RecSys2023_hyperparameter_tuning/results/Untuned_amazon/run_1
2025-01-30 09:38:59.899061: I Epoch 8/15 loss 0.61166
2025-01-30 09:38:59.899588: I Writing recommendations at: /data/raid5/data/maximilian_hess/RecSys2023_hyperparameter_tuning/results/Untuned_amazon/run_1
2025-01-30 09:39:03.467712: I Epoch 9/15 loss 0.49953
2025-01-30 09:39:03.468049: I Writing recommendations at: /data/raid5/data/maximilian_hess/RecSys2023_hyperparameter_tuning/results/Untuned_amazon/run_1
2025-01-30 09:39:07.030340: I Epoch 10/15 loss 0.39795
2025-01-30 09:39:07.030854: I Writing recommendations at: /data/raid5/data/maximilian_hess/RecSys2023_hyperparameter_tuning/results/Untuned_amazon/run_1
2025-01-30 09:39:07.212747: I ******************************************
2025-01-30 09:39:10.675170: I Epoch 11/15 loss 0.32018
2025-01-30 09:39:10.675500: I Writing recommendations at: /data/raid5/data/maximilian_hess/RecSys2023_hyperparameter_tuning/results/Untuned_amazon/run_1
2025-01-30 09:39:10.842462: I ******************************************
2025-01-30 09:39:14.194968: I Epoch 12/15 loss 0.27283
2025-01-30 09:39:14.195414: I Writing recommendations at: /data/raid5/data/maximilian_hess/RecSys2023_hyperparameter_tuning/results/Untuned_amazon/run_1
2025-01-30 09:39:14.388337: I ******************************************
2025-01-30 09:39:17.711076: I Epoch 13/15 loss 0.23583
2025-01-30 09:39:17.711579: I Writing recommendations at: /data/raid5/data/maximilian_hess/RecSys2023_hyperparameter_tuning/results/Untuned_amazon/run_1
2025-01-30 09:39:21.241569: I Epoch 14/15 loss 0.20732
2025-01-30 09:39:21.242161: I Writing recommendations at: /data/raid5/data/maximilian_hess/RecSys2023_hyperparameter_tuning/results/Untuned_amazon/run_1
2025-01-30 09:39:24.649967: I Epoch 15/15 loss 0.19658
2025-01-30 09:39:24.650566: I Writing recommendations at: /data/raid5/data/maximilian_hess/RecSys2023_hyperparameter_tuning/results/Untuned_amazon/run_1
