2025-01-26 15:53:20.274598: I Loading parameters
2025-01-26 15:53:20.274777: I Parameter lr set to 0.07
2025-01-26 15:53:20.274886: I Parameter mf_factors set to 256
2025-01-26 15:53:20.274987: I Parameter is_edge_weight_train set to True
2025-01-26 15:53:25.878348: I Epoch 1/15 loss 29.43627
2025-01-26 15:53:25.879256: I Writing recommendations at: /data/raid5/data/maximilian_hess/RecSys2023_hyperparameter_tuning/results/Untuned_amazon/run_1
2025-01-26 15:53:26.268855: I ******************************************
2025-01-26 15:53:31.171177: I Epoch 2/15 loss 6.66973
2025-01-26 15:53:31.171970: I Writing recommendations at: /data/raid5/data/maximilian_hess/RecSys2023_hyperparameter_tuning/results/Untuned_amazon/run_1
2025-01-26 15:53:35.988947: I Epoch 3/15 loss 2.89728
2025-01-26 15:53:35.989622: I Writing recommendations at: /data/raid5/data/maximilian_hess/RecSys2023_hyperparameter_tuning/results/Untuned_amazon/run_1
2025-01-26 15:53:40.545834: I Epoch 4/15 loss 1.59609
2025-01-26 15:53:40.546496: I Writing recommendations at: /data/raid5/data/maximilian_hess/RecSys2023_hyperparameter_tuning/results/Untuned_amazon/run_1
2025-01-26 15:53:45.855801: I Epoch 5/15 loss 1.05040
2025-01-26 15:53:45.856462: I Writing recommendations at: /data/raid5/data/maximilian_hess/RecSys2023_hyperparameter_tuning/results/Untuned_amazon/run_1
2025-01-26 15:53:51.289103: I Epoch 6/15 loss 0.77092
2025-01-26 15:53:51.290611: I Writing recommendations at: /data/raid5/data/maximilian_hess/RecSys2023_hyperparameter_tuning/results/Untuned_amazon/run_1
2025-01-26 15:53:56.379003: I Epoch 7/15 loss 0.56612
2025-01-26 15:53:56.380254: I Writing recommendations at: /data/raid5/data/maximilian_hess/RecSys2023_hyperparameter_tuning/results/Untuned_amazon/run_1
2025-01-26 15:54:00.812722: I Epoch 8/15 loss 0.43542
2025-01-26 15:54:00.813613: I Writing recommendations at: /data/raid5/data/maximilian_hess/RecSys2023_hyperparameter_tuning/results/Untuned_amazon/run_1
2025-01-26 15:54:05.427197: I Epoch 9/15 loss 0.34938
2025-01-26 15:54:05.427867: I Writing recommendations at: /data/raid5/data/maximilian_hess/RecSys2023_hyperparameter_tuning/results/Untuned_amazon/run_1
2025-01-26 15:54:05.772129: I ******************************************
2025-01-26 15:54:10.751697: I Epoch 10/15 loss 0.26405
2025-01-26 15:54:10.752430: I Writing recommendations at: /data/raid5/data/maximilian_hess/RecSys2023_hyperparameter_tuning/results/Untuned_amazon/run_1
2025-01-26 15:54:15.822351: I Epoch 11/15 loss 0.22442
2025-01-26 15:54:15.824274: I Writing recommendations at: /data/raid5/data/maximilian_hess/RecSys2023_hyperparameter_tuning/results/Untuned_amazon/run_1
2025-01-26 15:54:16.165427: I ******************************************
2025-01-26 15:54:21.449925: I Epoch 12/15 loss 0.18628
2025-01-26 15:54:21.451045: I Writing recommendations at: /data/raid5/data/maximilian_hess/RecSys2023_hyperparameter_tuning/results/Untuned_amazon/run_1
2025-01-26 15:54:26.544722: I Epoch 13/15 loss 0.16199
2025-01-26 15:54:26.545313: I Writing recommendations at: /data/raid5/data/maximilian_hess/RecSys2023_hyperparameter_tuning/results/Untuned_amazon/run_1
2025-01-26 15:54:31.512445: I Epoch 14/15 loss 0.13445
2025-01-26 15:54:31.514347: I Writing recommendations at: /data/raid5/data/maximilian_hess/RecSys2023_hyperparameter_tuning/results/Untuned_amazon/run_1
2025-01-26 15:54:36.714094: I Epoch 15/15 loss 0.12857
2025-01-26 15:54:36.714888: I Writing recommendations at: /data/raid5/data/maximilian_hess/RecSys2023_hyperparameter_tuning/results/Untuned_amazon/run_1
