2025-01-27 11:03:39.590468: I Loading parameters
2025-01-27 11:03:39.591625: I Parameter intermediate_dim set to 800
2025-01-27 11:03:39.592182: I Parameter latent_dim set to 400
2025-01-27 11:03:39.592712: I Parameter reg_lambda set to 0.6
2025-01-27 11:03:39.593249: I Parameter lr set to 0.09
2025-01-27 11:03:39.593792: I Parameter dropout_pkeep set to 0.5
2025-01-27 11:03:48.140414: I Epoch 1/10 loss 37034569.56056
2025-01-27 11:03:48.141343: I Writing recommendations at: /data/raid5/data/maximilian_hess/RecSys2023_hyperparameter_tuning/results/Untuned_amazon/run_1
2025-01-27 11:03:48.398077: I ******************************************
2025-01-27 11:03:55.801772: I Epoch 2/10 loss nan
2025-01-27 11:03:55.802831: I Writing recommendations at: /data/raid5/data/maximilian_hess/RecSys2023_hyperparameter_tuning/results/Untuned_amazon/run_1
2025-01-27 11:03:55.956441: I ******************************************
2025-01-27 11:04:02.955717: I Epoch 3/10 loss nan
2025-01-27 11:04:02.956406: I Writing recommendations at: /data/raid5/data/maximilian_hess/RecSys2023_hyperparameter_tuning/results/Untuned_amazon/run_1
2025-01-27 11:04:10.244699: I Epoch 4/10 loss nan
2025-01-27 11:04:10.245826: I Writing recommendations at: /data/raid5/data/maximilian_hess/RecSys2023_hyperparameter_tuning/results/Untuned_amazon/run_1
2025-01-27 11:04:16.796167: I Epoch 5/10 loss nan
2025-01-27 11:04:16.797568: I Writing recommendations at: /data/raid5/data/maximilian_hess/RecSys2023_hyperparameter_tuning/results/Untuned_amazon/run_1
2025-01-27 11:04:23.850719: I Epoch 6/10 loss nan
2025-01-27 11:04:23.852019: I Writing recommendations at: /data/raid5/data/maximilian_hess/RecSys2023_hyperparameter_tuning/results/Untuned_amazon/run_1
2025-01-27 11:04:32.348088: I Epoch 7/10 loss nan
2025-01-27 11:04:32.348756: I Writing recommendations at: /data/raid5/data/maximilian_hess/RecSys2023_hyperparameter_tuning/results/Untuned_amazon/run_1
2025-01-27 11:04:39.074326: I Epoch 8/10 loss nan
2025-01-27 11:04:39.074903: I Writing recommendations at: /data/raid5/data/maximilian_hess/RecSys2023_hyperparameter_tuning/results/Untuned_amazon/run_1
2025-01-27 11:04:44.322606: I Epoch 9/10 loss nan
2025-01-27 11:04:44.323184: I Writing recommendations at: /data/raid5/data/maximilian_hess/RecSys2023_hyperparameter_tuning/results/Untuned_amazon/run_1
2025-01-27 11:04:48.849373: I Epoch 10/10 loss nan
2025-01-27 11:04:48.849883: I Writing recommendations at: /data/raid5/data/maximilian_hess/RecSys2023_hyperparameter_tuning/results/Untuned_amazon/run_1
