2025-01-27 11:04:49.512611: I Loading parameters
2025-01-27 11:04:49.513027: I Parameter intermediate_dim set to 600
2025-01-27 11:04:49.513589: I Parameter latent_dim set to 200
2025-01-27 11:04:49.513701: I Parameter reg_lambda set to 0.6
2025-01-27 11:04:49.513828: I Parameter lr set to 0.08
2025-01-27 11:04:49.513900: I Parameter dropout_pkeep set to 1
2025-01-27 11:04:51.515827: I Epoch 1/5 loss 495.33148
2025-01-27 11:04:51.516014: I Writing recommendations at: /data/raid5/data/maximilian_hess/RecSys2023_hyperparameter_tuning/results/Untuned_amazon/run_1
2025-01-27 11:04:51.633103: I ******************************************
2025-01-27 11:04:53.272882: I Epoch 2/5 loss 175.17398
2025-01-27 11:04:53.272974: I Writing recommendations at: /data/raid5/data/maximilian_hess/RecSys2023_hyperparameter_tuning/results/Untuned_amazon/run_1
2025-01-27 11:04:53.450297: I ******************************************
2025-01-27 11:04:54.904267: I Epoch 3/5 loss 137.11528
2025-01-27 11:04:54.904393: I Writing recommendations at: /data/raid5/data/maximilian_hess/RecSys2023_hyperparameter_tuning/results/Untuned_amazon/run_1
2025-01-27 11:04:56.159425: I Epoch 4/5 loss 129.61823
2025-01-27 11:04:56.159605: I Writing recommendations at: /data/raid5/data/maximilian_hess/RecSys2023_hyperparameter_tuning/results/Untuned_amazon/run_1
2025-01-27 11:04:57.555264: I Epoch 5/5 loss 123.21815
2025-01-27 11:04:57.555459: I Writing recommendations at: /data/raid5/data/maximilian_hess/RecSys2023_hyperparameter_tuning/results/Untuned_amazon/run_1
2025-01-27 11:04:57.728536: I Loading parameters
2025-01-27 11:04:57.728855: I Parameter intermediate_dim set to 600
2025-01-27 11:04:57.729051: I Parameter latent_dim set to 200
2025-01-27 11:04:57.729247: I Parameter reg_lambda set to 0.6
2025-01-27 11:04:57.729448: I Parameter lr set to 0.08
2025-01-27 11:04:57.729637: I Parameter dropout_pkeep set to 1
2025-01-27 11:04:59.639990: I Epoch 1/5 loss 351.50568
2025-01-27 11:04:59.640279: I Writing recommendations at: /data/raid5/data/maximilian_hess/RecSys2023_hyperparameter_tuning/results/Untuned_amazon/run_1
2025-01-27 11:04:59.786018: I ******************************************
2025-01-27 11:05:01.116258: I Epoch 2/5 loss 236.39166
2025-01-27 11:05:01.116567: I Writing recommendations at: /data/raid5/data/maximilian_hess/RecSys2023_hyperparameter_tuning/results/Untuned_amazon/run_1
2025-01-27 11:05:02.454321: I Epoch 3/5 loss 204.04034
2025-01-27 11:05:02.454740: I Writing recommendations at: /data/raid5/data/maximilian_hess/RecSys2023_hyperparameter_tuning/results/Untuned_amazon/run_1
2025-01-27 11:05:03.850337: I Epoch 4/5 loss 170.97119
2025-01-27 11:05:03.850669: I Writing recommendations at: /data/raid5/data/maximilian_hess/RecSys2023_hyperparameter_tuning/results/Untuned_amazon/run_1
2025-01-27 11:05:05.368630: I Epoch 5/5 loss 148.07979
2025-01-27 11:05:05.368965: I Writing recommendations at: /data/raid5/data/maximilian_hess/RecSys2023_hyperparameter_tuning/results/Untuned_amazon/run_1
2025-01-27 11:05:05.521067: I Loading parameters
2025-01-27 11:05:05.521312: I Parameter intermediate_dim set to 600
2025-01-27 11:05:05.521492: I Parameter latent_dim set to 200
2025-01-27 11:05:05.521726: I Parameter reg_lambda set to 0.6
2025-01-27 11:05:05.521916: I Parameter lr set to 0.08
2025-01-27 11:05:05.522187: I Parameter dropout_pkeep set to 1
2025-01-27 11:05:07.199213: I Epoch 1/5 loss 359.60562
2025-01-27 11:05:07.199529: I Writing recommendations at: /data/raid5/data/maximilian_hess/RecSys2023_hyperparameter_tuning/results/Untuned_amazon/run_1
2025-01-27 11:05:07.312620: I ******************************************
2025-01-27 11:05:08.517477: I Epoch 2/5 loss 246.35944
2025-01-27 11:05:08.517716: I Writing recommendations at: /data/raid5/data/maximilian_hess/RecSys2023_hyperparameter_tuning/results/Untuned_amazon/run_1
2025-01-27 11:05:09.892095: I Epoch 3/5 loss 135.71111
2025-01-27 11:05:09.892416: I Writing recommendations at: /data/raid5/data/maximilian_hess/RecSys2023_hyperparameter_tuning/results/Untuned_amazon/run_1
2025-01-27 11:05:11.529734: I Epoch 4/5 loss 109.27876
2025-01-27 11:05:11.530312: I Writing recommendations at: /data/raid5/data/maximilian_hess/RecSys2023_hyperparameter_tuning/results/Untuned_amazon/run_1
2025-01-27 11:05:13.939254: I Epoch 5/5 loss 93.46380
2025-01-27 11:05:13.939645: I Writing recommendations at: /data/raid5/data/maximilian_hess/RecSys2023_hyperparameter_tuning/results/Untuned_amazon/run_1
2025-01-27 11:05:14.121142: I Loading parameters
2025-01-27 11:05:14.121651: I Parameter intermediate_dim set to 600
2025-01-27 11:05:14.121997: I Parameter latent_dim set to 200
2025-01-27 11:05:14.122352: I Parameter reg_lambda set to 0.6
2025-01-27 11:05:14.122632: I Parameter lr set to 0.08
2025-01-27 11:05:14.122845: I Parameter dropout_pkeep set to 1
2025-01-27 11:05:15.865318: I Epoch 1/5 loss 336.39896
2025-01-27 11:05:15.865862: I Writing recommendations at: /data/raid5/data/maximilian_hess/RecSys2023_hyperparameter_tuning/results/Untuned_amazon/run_1
2025-01-27 11:05:16.014925: I ******************************************
2025-01-27 11:05:17.309942: I Epoch 2/5 loss 192.59442
2025-01-27 11:05:17.310740: I Writing recommendations at: /data/raid5/data/maximilian_hess/RecSys2023_hyperparameter_tuning/results/Untuned_amazon/run_1
2025-01-27 11:05:18.818911: I Epoch 3/5 loss 114.68719
2025-01-27 11:05:18.819416: I Writing recommendations at: /data/raid5/data/maximilian_hess/RecSys2023_hyperparameter_tuning/results/Untuned_amazon/run_1
2025-01-27 11:05:18.973577: I ******************************************
2025-01-27 11:05:20.201546: I Epoch 4/5 loss 104.34393
2025-01-27 11:05:20.202238: I Writing recommendations at: /data/raid5/data/maximilian_hess/RecSys2023_hyperparameter_tuning/results/Untuned_amazon/run_1
2025-01-27 11:05:21.570076: I Epoch 5/5 loss 98.07638
2025-01-27 11:05:21.570588: I Writing recommendations at: /data/raid5/data/maximilian_hess/RecSys2023_hyperparameter_tuning/results/Untuned_amazon/run_1
2025-01-27 11:05:21.729472: I Loading parameters
2025-01-27 11:05:21.729805: I Parameter intermediate_dim set to 600
2025-01-27 11:05:21.730416: I Parameter latent_dim set to 200
2025-01-27 11:05:21.730967: I Parameter reg_lambda set to 0.6
2025-01-27 11:05:21.731468: I Parameter lr set to 0.08
2025-01-27 11:05:21.732033: I Parameter dropout_pkeep set to 1
2025-01-27 11:05:23.468944: I Epoch 1/5 loss 345.05688
2025-01-27 11:05:23.469603: I Writing recommendations at: /data/raid5/data/maximilian_hess/RecSys2023_hyperparameter_tuning/results/Untuned_amazon/run_1
2025-01-27 11:05:23.596500: I ******************************************
2025-01-27 11:05:24.807009: I Epoch 2/5 loss 215.73508
2025-01-27 11:05:24.807663: I Writing recommendations at: /data/raid5/data/maximilian_hess/RecSys2023_hyperparameter_tuning/results/Untuned_amazon/run_1
2025-01-27 11:05:26.131986: I Epoch 3/5 loss 189.43443
2025-01-27 11:05:26.132273: I Writing recommendations at: /data/raid5/data/maximilian_hess/RecSys2023_hyperparameter_tuning/results/Untuned_amazon/run_1
2025-01-27 11:05:27.461842: I Epoch 4/5 loss 163.95197
2025-01-27 11:05:27.462221: I Writing recommendations at: /data/raid5/data/maximilian_hess/RecSys2023_hyperparameter_tuning/results/Untuned_amazon/run_1
2025-01-27 11:05:28.853215: I Epoch 5/5 loss 145.47795
2025-01-27 11:05:28.854104: I Writing recommendations at: /data/raid5/data/maximilian_hess/RecSys2023_hyperparameter_tuning/results/Untuned_amazon/run_1
