2025-02-01 12:27:16.146446: I Loading parameters
2025-02-01 12:27:16.147162: I Parameter lr set to 0.08
2025-02-01 12:27:16.147442: I Parameter mf_factors set to 256
2025-02-01 12:27:16.147710: I Parameter dropout set to 0.3
2025-02-01 12:27:16.147971: I Parameter batch_eval set to 256
2025-02-01 12:27:16.148090: I Parameter is_mf_train set to True
2025-02-01 12:27:16.148161: I Parameter is_mlp_train set to True
2025-02-01 12:27:16.148227: I Parameter m set to 8
2025-02-01 12:28:12.209393: I Epoch 1/10 loss 1762.06691
2025-02-01 12:28:12.209977: I Writing recommendations at: /data/raid5/data/maximilian_hess/RecSys2023_hyperparameter_tuning/results/Untuned_amazon/run_1
2025-02-01 12:28:12.331849: I ******************************************
2025-02-01 12:28:52.012632: I Epoch 2/10 loss 441.01193
2025-02-01 12:28:52.013088: I Writing recommendations at: /data/raid5/data/maximilian_hess/RecSys2023_hyperparameter_tuning/results/Untuned_amazon/run_1
2025-02-01 12:29:41.170384: I Epoch 3/10 loss 195.84350
2025-02-01 12:29:41.171307: I Writing recommendations at: /data/raid5/data/maximilian_hess/RecSys2023_hyperparameter_tuning/results/Untuned_amazon/run_1
2025-02-01 12:30:56.832044: I Epoch 4/10 loss 110.24615
2025-02-01 12:30:56.833059: I Writing recommendations at: /data/raid5/data/maximilian_hess/RecSys2023_hyperparameter_tuning/results/Untuned_amazon/run_1
2025-02-01 12:32:10.959674: I Epoch 5/10 loss 70.49959
2025-02-01 12:32:10.960165: I Writing recommendations at: /data/raid5/data/maximilian_hess/RecSys2023_hyperparameter_tuning/results/Untuned_amazon/run_1
2025-02-01 12:32:50.574182: I Epoch 6/10 loss 48.96016
2025-02-01 12:32:50.574748: I Writing recommendations at: /data/raid5/data/maximilian_hess/RecSys2023_hyperparameter_tuning/results/Untuned_amazon/run_1
2025-02-01 12:33:31.543332: I Epoch 7/10 loss 35.97295
2025-02-01 12:33:31.543758: I Writing recommendations at: /data/raid5/data/maximilian_hess/RecSys2023_hyperparameter_tuning/results/Untuned_amazon/run_1
2025-02-01 12:34:35.537457: I Epoch 8/10 loss 27.53941
2025-02-01 12:34:35.538377: I Writing recommendations at: /data/raid5/data/maximilian_hess/RecSys2023_hyperparameter_tuning/results/Untuned_amazon/run_1
2025-02-01 12:35:46.943891: I Epoch 9/10 loss 21.76075
2025-02-01 12:35:46.944897: I Writing recommendations at: /data/raid5/data/maximilian_hess/RecSys2023_hyperparameter_tuning/results/Untuned_amazon/run_1
2025-02-01 12:36:41.571472: I Epoch 10/10 loss 17.62859
2025-02-01 12:36:41.571967: I Writing recommendations at: /data/raid5/data/maximilian_hess/RecSys2023_hyperparameter_tuning/results/Untuned_amazon/run_1
2025-02-01 12:36:41.790344: I Loading parameters
2025-02-01 12:36:41.790867: I Parameter lr set to 0.08
2025-02-01 12:36:41.791241: I Parameter mf_factors set to 256
2025-02-01 12:36:41.791517: I Parameter dropout set to 0.3
2025-02-01 12:36:41.791616: I Parameter batch_eval set to 256
2025-02-01 12:36:41.791674: I Parameter is_mf_train set to True
2025-02-01 12:36:41.791748: I Parameter is_mlp_train set to True
2025-02-01 12:36:41.791806: I Parameter m set to 8
2025-02-01 12:37:23.451683: I Epoch 1/10 loss 1754.65069
2025-02-01 12:37:23.452504: I Writing recommendations at: /data/raid5/data/maximilian_hess/RecSys2023_hyperparameter_tuning/results/Untuned_amazon/run_1
2025-02-01 12:37:23.571354: I ******************************************
2025-02-01 12:38:13.101164: I Epoch 2/10 loss 438.90974
2025-02-01 12:38:13.103043: I Writing recommendations at: /data/raid5/data/maximilian_hess/RecSys2023_hyperparameter_tuning/results/Untuned_amazon/run_1
2025-02-01 12:39:15.319853: I Epoch 3/10 loss 195.11027
2025-02-01 12:39:15.324527: I Writing recommendations at: /data/raid5/data/maximilian_hess/RecSys2023_hyperparameter_tuning/results/Untuned_amazon/run_1
2025-02-01 12:40:23.333609: I Epoch 4/10 loss 109.66046
2025-02-01 12:40:23.334278: I Writing recommendations at: /data/raid5/data/maximilian_hess/RecSys2023_hyperparameter_tuning/results/Untuned_amazon/run_1
2025-02-01 12:41:06.265437: I Epoch 5/10 loss 70.20049
2025-02-01 12:41:06.266096: I Writing recommendations at: /data/raid5/data/maximilian_hess/RecSys2023_hyperparameter_tuning/results/Untuned_amazon/run_1
2025-02-01 12:41:47.529556: I Epoch 6/10 loss 48.74832
2025-02-01 12:41:47.530208: I Writing recommendations at: /data/raid5/data/maximilian_hess/RecSys2023_hyperparameter_tuning/results/Untuned_amazon/run_1
2025-02-01 12:42:55.964574: I Epoch 7/10 loss 35.79912
2025-02-01 12:42:55.965756: I Writing recommendations at: /data/raid5/data/maximilian_hess/RecSys2023_hyperparameter_tuning/results/Untuned_amazon/run_1
2025-02-01 12:44:11.174374: I Epoch 8/10 loss 27.42830
2025-02-01 12:44:11.175059: I Writing recommendations at: /data/raid5/data/maximilian_hess/RecSys2023_hyperparameter_tuning/results/Untuned_amazon/run_1
2025-02-01 12:45:02.073045: I Epoch 9/10 loss 21.66282
2025-02-01 12:45:02.073585: I Writing recommendations at: /data/raid5/data/maximilian_hess/RecSys2023_hyperparameter_tuning/results/Untuned_amazon/run_1
2025-02-01 12:45:41.219112: I Epoch 10/10 loss 17.55087
2025-02-01 12:45:41.219556: I Writing recommendations at: /data/raid5/data/maximilian_hess/RecSys2023_hyperparameter_tuning/results/Untuned_amazon/run_1
2025-02-01 12:45:41.428244: I Loading parameters
2025-02-01 12:45:41.428675: I Parameter lr set to 0.08
2025-02-01 12:45:41.429114: I Parameter mf_factors set to 256
2025-02-01 12:45:41.429292: I Parameter dropout set to 0.3
2025-02-01 12:45:41.429365: I Parameter batch_eval set to 256
2025-02-01 12:45:41.429432: I Parameter is_mf_train set to True
2025-02-01 12:45:41.429510: I Parameter is_mlp_train set to True
2025-02-01 12:45:41.429577: I Parameter m set to 8
2025-02-01 12:46:34.052148: I Epoch 1/10 loss 1755.95527
2025-02-01 12:46:34.053613: I Writing recommendations at: /data/raid5/data/maximilian_hess/RecSys2023_hyperparameter_tuning/results/Untuned_amazon/run_1
2025-02-01 12:46:34.308036: I ******************************************
2025-02-01 12:47:46.698792: I Epoch 2/10 loss 439.28543
2025-02-01 12:47:46.701142: I Writing recommendations at: /data/raid5/data/maximilian_hess/RecSys2023_hyperparameter_tuning/results/Untuned_amazon/run_1
2025-02-01 12:48:59.748960: I Epoch 3/10 loss 195.19444
2025-02-01 12:48:59.749660: I Writing recommendations at: /data/raid5/data/maximilian_hess/RecSys2023_hyperparameter_tuning/results/Untuned_amazon/run_1
2025-02-01 12:49:38.389161: I Epoch 4/10 loss 109.81158
2025-02-01 12:49:38.389987: I Writing recommendations at: /data/raid5/data/maximilian_hess/RecSys2023_hyperparameter_tuning/results/Untuned_amazon/run_1
2025-02-01 12:50:18.000430: I Epoch 5/10 loss 70.26167
2025-02-01 12:50:18.001230: I Writing recommendations at: /data/raid5/data/maximilian_hess/RecSys2023_hyperparameter_tuning/results/Untuned_amazon/run_1
2025-02-01 12:51:31.738141: I Epoch 6/10 loss 48.80365
2025-02-01 12:51:31.739404: I Writing recommendations at: /data/raid5/data/maximilian_hess/RecSys2023_hyperparameter_tuning/results/Untuned_amazon/run_1
2025-02-01 12:52:45.240236: I Epoch 7/10 loss 35.85935
2025-02-01 12:52:45.240964: I Writing recommendations at: /data/raid5/data/maximilian_hess/RecSys2023_hyperparameter_tuning/results/Untuned_amazon/run_1
2025-02-01 12:53:33.565211: I Epoch 8/10 loss 27.46539
2025-02-01 12:53:33.566049: I Writing recommendations at: /data/raid5/data/maximilian_hess/RecSys2023_hyperparameter_tuning/results/Untuned_amazon/run_1
2025-02-01 12:54:14.924145: I Epoch 9/10 loss 21.69735
2025-02-01 12:54:14.924913: I Writing recommendations at: /data/raid5/data/maximilian_hess/RecSys2023_hyperparameter_tuning/results/Untuned_amazon/run_1
2025-02-01 12:55:07.670099: I Epoch 10/10 loss 17.57099
2025-02-01 12:55:07.671217: I Writing recommendations at: /data/raid5/data/maximilian_hess/RecSys2023_hyperparameter_tuning/results/Untuned_amazon/run_1
