2025-02-01 14:19:45.961844: I Loading parameters
2025-02-01 14:19:45.962123: I Parameter lr set to 0.09
2025-02-01 14:19:45.962337: I Parameter latent_dim set to 64
2025-02-01 14:19:45.962541: I Parameter l_w set to 0.4
2025-02-01 14:19:45.962831: I Parameter weight_size set to [64]
2025-02-01 14:19:45.963050: I Parameter node_dropout set to []
2025-02-01 14:19:45.963263: I Parameter message_dropout set to [0.4]
2025-02-01 14:19:45.963477: I Parameter n_fold set to 5
2025-02-01 14:19:51.084282: I Epoch 1/15 loss 55496.69141
2025-02-01 14:19:51.084918: I Writing recommendations at: /data/raid5/data/maximilian_hess/RecSys2023_hyperparameter_tuning/results/Untuned_amazon/run_1
2025-02-01 14:19:51.354572: I ******************************************
2025-02-01 14:19:54.825413: I Epoch 2/15 loss 13827.27344
2025-02-01 14:19:54.826605: I Writing recommendations at: /data/raid5/data/maximilian_hess/RecSys2023_hyperparameter_tuning/results/Untuned_amazon/run_1
2025-02-01 14:19:58.411655: I Epoch 3/15 loss 6145.62543
2025-02-01 14:19:58.413341: I Writing recommendations at: /data/raid5/data/maximilian_hess/RecSys2023_hyperparameter_tuning/results/Untuned_amazon/run_1
2025-02-01 14:20:01.826395: I Epoch 4/15 loss 3457.29712
2025-02-01 14:20:01.826929: I Writing recommendations at: /data/raid5/data/maximilian_hess/RecSys2023_hyperparameter_tuning/results/Untuned_amazon/run_1
2025-02-01 14:20:05.331161: I Epoch 5/15 loss 2122.23078
2025-02-01 14:20:05.332154: I Writing recommendations at: /data/raid5/data/maximilian_hess/RecSys2023_hyperparameter_tuning/results/Untuned_amazon/run_1
2025-02-01 14:20:08.973985: I Epoch 6/15 loss 622.13634
2025-02-01 14:20:08.974583: I Writing recommendations at: /data/raid5/data/maximilian_hess/RecSys2023_hyperparameter_tuning/results/Untuned_amazon/run_1
2025-02-01 14:20:12.375039: I Epoch 7/15 loss 412.45811
2025-02-01 14:20:12.375923: I Writing recommendations at: /data/raid5/data/maximilian_hess/RecSys2023_hyperparameter_tuning/results/Untuned_amazon/run_1
2025-02-01 14:20:12.768081: I ******************************************
2025-02-01 14:20:16.101717: I Epoch 8/15 loss 315.69623
2025-02-01 14:20:16.102842: I Writing recommendations at: /data/raid5/data/maximilian_hess/RecSys2023_hyperparameter_tuning/results/Untuned_amazon/run_1
2025-02-01 14:20:19.770483: I Epoch 9/15 loss 249.43887
2025-02-01 14:20:19.771430: I Writing recommendations at: /data/raid5/data/maximilian_hess/RecSys2023_hyperparameter_tuning/results/Untuned_amazon/run_1
2025-02-01 14:20:23.710157: I Epoch 10/15 loss 202.04549
2025-02-01 14:20:23.710757: I Writing recommendations at: /data/raid5/data/maximilian_hess/RecSys2023_hyperparameter_tuning/results/Untuned_amazon/run_1
2025-02-01 14:20:27.284002: I Epoch 11/15 loss 166.97974
2025-02-01 14:20:27.284985: I Writing recommendations at: /data/raid5/data/maximilian_hess/RecSys2023_hyperparameter_tuning/results/Untuned_amazon/run_1
2025-02-01 14:20:30.830344: I Epoch 12/15 loss 140.30937
2025-02-01 14:20:30.830940: I Writing recommendations at: /data/raid5/data/maximilian_hess/RecSys2023_hyperparameter_tuning/results/Untuned_amazon/run_1
2025-02-01 14:20:34.597737: I Epoch 13/15 loss 119.55354
2025-02-01 14:20:34.598337: I Writing recommendations at: /data/raid5/data/maximilian_hess/RecSys2023_hyperparameter_tuning/results/Untuned_amazon/run_1
2025-02-01 14:20:38.482683: I Epoch 14/15 loss 103.08443
2025-02-01 14:20:38.483296: I Writing recommendations at: /data/raid5/data/maximilian_hess/RecSys2023_hyperparameter_tuning/results/Untuned_amazon/run_1
2025-02-01 14:20:42.170564: I Epoch 15/15 loss 89.79799
2025-02-01 14:20:42.171799: I Writing recommendations at: /data/raid5/data/maximilian_hess/RecSys2023_hyperparameter_tuning/results/Untuned_amazon/run_1
