2025-01-26 15:52:40.257217: I Loading parameters
2025-01-26 15:52:40.257425: I Parameter lr set to 0.5
2025-01-26 15:52:40.257481: I Parameter mf_factors set to 256
2025-01-26 15:52:40.257513: I Parameter is_edge_weight_train set to True
2025-01-26 15:52:43.188260: I Epoch 1/15 loss 227.21938
2025-01-26 15:52:43.192333: I Writing recommendations at: /data/raid5/data/maximilian_hess/RecSys2023_hyperparameter_tuning/results/Untuned_movieLenz/run_1
2025-01-26 15:52:43.350493: I ******************************************
2025-01-26 15:52:45.014288: I Epoch 2/15 loss 75.81666
2025-01-26 15:52:45.019991: I Writing recommendations at: /data/raid5/data/maximilian_hess/RecSys2023_hyperparameter_tuning/results/Untuned_movieLenz/run_1
2025-01-26 15:52:45.244202: I ******************************************
2025-01-26 15:52:47.084942: I Epoch 3/15 loss 33.91098
2025-01-26 15:52:47.102284: I Writing recommendations at: /data/raid5/data/maximilian_hess/RecSys2023_hyperparameter_tuning/results/Untuned_movieLenz/run_1
2025-01-26 15:52:47.278322: I ******************************************
2025-01-26 15:52:49.036307: I Epoch 4/15 loss 19.06697
2025-01-26 15:52:49.048194: I Writing recommendations at: /data/raid5/data/maximilian_hess/RecSys2023_hyperparameter_tuning/results/Untuned_movieLenz/run_1
2025-01-26 15:52:50.879667: I Epoch 5/15 loss 12.28875
2025-01-26 15:52:50.880725: I Writing recommendations at: /data/raid5/data/maximilian_hess/RecSys2023_hyperparameter_tuning/results/Untuned_movieLenz/run_1
2025-01-26 15:52:52.920234: I Epoch 6/15 loss 8.31645
2025-01-26 15:52:52.921028: I Writing recommendations at: /data/raid5/data/maximilian_hess/RecSys2023_hyperparameter_tuning/results/Untuned_movieLenz/run_1
2025-01-26 15:52:54.668415: I Epoch 7/15 loss 6.27560
2025-01-26 15:52:54.669791: I Writing recommendations at: /data/raid5/data/maximilian_hess/RecSys2023_hyperparameter_tuning/results/Untuned_movieLenz/run_1
2025-01-26 15:52:56.191683: I Epoch 8/15 loss 4.85225
2025-01-26 15:52:56.192408: I Writing recommendations at: /data/raid5/data/maximilian_hess/RecSys2023_hyperparameter_tuning/results/Untuned_movieLenz/run_1
2025-01-26 15:52:57.829005: I Epoch 9/15 loss 3.86146
2025-01-26 15:52:57.830587: I Writing recommendations at: /data/raid5/data/maximilian_hess/RecSys2023_hyperparameter_tuning/results/Untuned_movieLenz/run_1
2025-01-26 15:52:59.793515: I Epoch 10/15 loss 3.13080
2025-01-26 15:52:59.812398: I Writing recommendations at: /data/raid5/data/maximilian_hess/RecSys2023_hyperparameter_tuning/results/Untuned_movieLenz/run_1
2025-01-26 15:53:01.670630: I Epoch 11/15 loss 2.56283
2025-01-26 15:53:01.670868: I Writing recommendations at: /data/raid5/data/maximilian_hess/RecSys2023_hyperparameter_tuning/results/Untuned_movieLenz/run_1
2025-01-26 15:53:03.325691: I Epoch 12/15 loss 2.20615
2025-01-26 15:53:03.335998: I Writing recommendations at: /data/raid5/data/maximilian_hess/RecSys2023_hyperparameter_tuning/results/Untuned_movieLenz/run_1
2025-01-26 15:53:04.888393: I Epoch 13/15 loss 1.85045
2025-01-26 15:53:04.888824: I Writing recommendations at: /data/raid5/data/maximilian_hess/RecSys2023_hyperparameter_tuning/results/Untuned_movieLenz/run_1
2025-01-26 15:53:06.855018: I Epoch 14/15 loss 1.56555
2025-01-26 15:53:06.855604: I Writing recommendations at: /data/raid5/data/maximilian_hess/RecSys2023_hyperparameter_tuning/results/Untuned_movieLenz/run_1
2025-01-26 15:53:08.540940: I Epoch 15/15 loss 1.37133
2025-01-26 15:53:08.541244: I Writing recommendations at: /data/raid5/data/maximilian_hess/RecSys2023_hyperparameter_tuning/results/Untuned_movieLenz/run_1
2025-01-26 15:53:08.694426: I Loading parameters
2025-01-26 15:53:08.695030: I Parameter lr set to 0.5
2025-01-26 15:53:08.695105: I Parameter mf_factors set to 256
2025-01-26 15:53:08.695169: I Parameter is_edge_weight_train set to True
2025-01-26 15:53:10.872556: I Epoch 1/15 loss 226.64224
2025-01-26 15:53:10.873300: I Writing recommendations at: /data/raid5/data/maximilian_hess/RecSys2023_hyperparameter_tuning/results/Untuned_movieLenz/run_1
2025-01-26 15:53:10.968430: I ******************************************
2025-01-26 15:53:12.734148: I Epoch 2/15 loss 76.60314
2025-01-26 15:53:12.734889: I Writing recommendations at: /data/raid5/data/maximilian_hess/RecSys2023_hyperparameter_tuning/results/Untuned_movieLenz/run_1
2025-01-26 15:53:12.911444: I ******************************************
2025-01-26 15:53:14.429099: I Epoch 3/15 loss 33.91418
2025-01-26 15:53:14.429523: I Writing recommendations at: /data/raid5/data/maximilian_hess/RecSys2023_hyperparameter_tuning/results/Untuned_movieLenz/run_1
2025-01-26 15:53:16.093582: I Epoch 4/15 loss 19.18669
2025-01-26 15:53:16.112094: I Writing recommendations at: /data/raid5/data/maximilian_hess/RecSys2023_hyperparameter_tuning/results/Untuned_movieLenz/run_1
2025-01-26 15:53:17.965468: I Epoch 5/15 loss 12.50707
2025-01-26 15:53:17.980075: I Writing recommendations at: /data/raid5/data/maximilian_hess/RecSys2023_hyperparameter_tuning/results/Untuned_movieLenz/run_1
2025-01-26 15:53:19.773217: I Epoch 6/15 loss 8.64643
2025-01-26 15:53:19.774004: I Writing recommendations at: /data/raid5/data/maximilian_hess/RecSys2023_hyperparameter_tuning/results/Untuned_movieLenz/run_1
2025-01-26 15:53:21.553055: I Epoch 7/15 loss 6.33090
2025-01-26 15:53:21.564128: I Writing recommendations at: /data/raid5/data/maximilian_hess/RecSys2023_hyperparameter_tuning/results/Untuned_movieLenz/run_1
2025-01-26 15:53:23.331272: I Epoch 8/15 loss 4.74572
2025-01-26 15:53:23.331829: I Writing recommendations at: /data/raid5/data/maximilian_hess/RecSys2023_hyperparameter_tuning/results/Untuned_movieLenz/run_1
2025-01-26 15:53:23.498270: I ******************************************
2025-01-26 15:53:25.521325: I Epoch 9/15 loss 3.80290
2025-01-26 15:53:25.521851: I Writing recommendations at: /data/raid5/data/maximilian_hess/RecSys2023_hyperparameter_tuning/results/Untuned_movieLenz/run_1
2025-01-26 15:53:27.475204: I Epoch 10/15 loss 3.09635
2025-01-26 15:53:27.475632: I Writing recommendations at: /data/raid5/data/maximilian_hess/RecSys2023_hyperparameter_tuning/results/Untuned_movieLenz/run_1
2025-01-26 15:53:29.395702: I Epoch 11/15 loss 2.57227
2025-01-26 15:53:29.406538: I Writing recommendations at: /data/raid5/data/maximilian_hess/RecSys2023_hyperparameter_tuning/results/Untuned_movieLenz/run_1
2025-01-26 15:53:31.275510: I Epoch 12/15 loss 2.14413
2025-01-26 15:53:31.276057: I Writing recommendations at: /data/raid5/data/maximilian_hess/RecSys2023_hyperparameter_tuning/results/Untuned_movieLenz/run_1
2025-01-26 15:53:32.934611: I Epoch 13/15 loss 1.82690
2025-01-26 15:53:32.935113: I Writing recommendations at: /data/raid5/data/maximilian_hess/RecSys2023_hyperparameter_tuning/results/Untuned_movieLenz/run_1
2025-01-26 15:53:34.820243: I Epoch 14/15 loss 1.57646
2025-01-26 15:53:34.820820: I Writing recommendations at: /data/raid5/data/maximilian_hess/RecSys2023_hyperparameter_tuning/results/Untuned_movieLenz/run_1
2025-01-26 15:53:36.799252: I Epoch 15/15 loss 1.38441
2025-01-26 15:53:36.799890: I Writing recommendations at: /data/raid5/data/maximilian_hess/RecSys2023_hyperparameter_tuning/results/Untuned_movieLenz/run_1
2025-01-26 15:53:36.945019: I Loading parameters
2025-01-26 15:53:36.945323: I Parameter lr set to 0.5
2025-01-26 15:53:36.945998: I Parameter mf_factors set to 256
2025-01-26 15:53:36.946127: I Parameter is_edge_weight_train set to True
2025-01-26 15:53:39.304790: I Epoch 1/15 loss 222.06932
2025-01-26 15:53:39.305364: I Writing recommendations at: /data/raid5/data/maximilian_hess/RecSys2023_hyperparameter_tuning/results/Untuned_movieLenz/run_1
2025-01-26 15:53:39.402891: I ******************************************
2025-01-26 15:53:40.904269: I Epoch 2/15 loss 76.83230
2025-01-26 15:53:40.907985: I Writing recommendations at: /data/raid5/data/maximilian_hess/RecSys2023_hyperparameter_tuning/results/Untuned_movieLenz/run_1
2025-01-26 15:53:42.714659: I Epoch 3/15 loss 34.04372
2025-01-26 15:53:42.724245: I Writing recommendations at: /data/raid5/data/maximilian_hess/RecSys2023_hyperparameter_tuning/results/Untuned_movieLenz/run_1
2025-01-26 15:53:44.725615: I Epoch 4/15 loss 19.23195
2025-01-26 15:53:44.726626: I Writing recommendations at: /data/raid5/data/maximilian_hess/RecSys2023_hyperparameter_tuning/results/Untuned_movieLenz/run_1
2025-01-26 15:53:46.477813: I Epoch 5/15 loss 12.52990
2025-01-26 15:53:46.478286: I Writing recommendations at: /data/raid5/data/maximilian_hess/RecSys2023_hyperparameter_tuning/results/Untuned_movieLenz/run_1
2025-01-26 15:53:48.319286: I Epoch 6/15 loss 8.61707
2025-01-26 15:53:48.319622: I Writing recommendations at: /data/raid5/data/maximilian_hess/RecSys2023_hyperparameter_tuning/results/Untuned_movieLenz/run_1
2025-01-26 15:53:50.318104: I Epoch 7/15 loss 6.36321
2025-01-26 15:53:50.332092: I Writing recommendations at: /data/raid5/data/maximilian_hess/RecSys2023_hyperparameter_tuning/results/Untuned_movieLenz/run_1
2025-01-26 15:53:52.220285: I Epoch 8/15 loss 4.86196
2025-01-26 15:53:52.220856: I Writing recommendations at: /data/raid5/data/maximilian_hess/RecSys2023_hyperparameter_tuning/results/Untuned_movieLenz/run_1
2025-01-26 15:53:54.352036: I Epoch 9/15 loss 3.81897
2025-01-26 15:53:54.368151: I Writing recommendations at: /data/raid5/data/maximilian_hess/RecSys2023_hyperparameter_tuning/results/Untuned_movieLenz/run_1
2025-01-26 15:53:56.606864: I Epoch 10/15 loss 3.08582
2025-01-26 15:53:56.607449: I Writing recommendations at: /data/raid5/data/maximilian_hess/RecSys2023_hyperparameter_tuning/results/Untuned_movieLenz/run_1
2025-01-26 15:53:58.447205: I Epoch 11/15 loss 2.55817
2025-01-26 15:53:58.448256: I Writing recommendations at: /data/raid5/data/maximilian_hess/RecSys2023_hyperparameter_tuning/results/Untuned_movieLenz/run_1
2025-01-26 15:54:00.051680: I Epoch 12/15 loss 2.12474
2025-01-26 15:54:00.076971: I Writing recommendations at: /data/raid5/data/maximilian_hess/RecSys2023_hyperparameter_tuning/results/Untuned_movieLenz/run_1
2025-01-26 15:54:01.990024: I Epoch 13/15 loss 1.81672
2025-01-26 15:54:01.990657: I Writing recommendations at: /data/raid5/data/maximilian_hess/RecSys2023_hyperparameter_tuning/results/Untuned_movieLenz/run_1
2025-01-26 15:54:03.815316: I Epoch 14/15 loss 1.58545
2025-01-26 15:54:03.816042: I Writing recommendations at: /data/raid5/data/maximilian_hess/RecSys2023_hyperparameter_tuning/results/Untuned_movieLenz/run_1
2025-01-26 15:54:05.593104: I Epoch 15/15 loss 1.38122
2025-01-26 15:54:05.593707: I Writing recommendations at: /data/raid5/data/maximilian_hess/RecSys2023_hyperparameter_tuning/results/Untuned_movieLenz/run_1
2025-01-26 15:54:05.731961: I Loading parameters
2025-01-26 15:54:05.732388: I Parameter lr set to 0.5
2025-01-26 15:54:05.732476: I Parameter mf_factors set to 256
2025-01-26 15:54:05.732554: I Parameter is_edge_weight_train set to True
2025-01-26 15:54:08.352271: I Epoch 1/15 loss 228.39783
2025-01-26 15:54:08.364070: I Writing recommendations at: /data/raid5/data/maximilian_hess/RecSys2023_hyperparameter_tuning/results/Untuned_movieLenz/run_1
2025-01-26 15:54:08.562641: I ******************************************
2025-01-26 15:54:10.099780: I Epoch 2/15 loss 75.73301
2025-01-26 15:54:10.108099: I Writing recommendations at: /data/raid5/data/maximilian_hess/RecSys2023_hyperparameter_tuning/results/Untuned_movieLenz/run_1
2025-01-26 15:54:10.221189: I ******************************************
2025-01-26 15:54:11.793113: I Epoch 3/15 loss 34.82205
2025-01-26 15:54:11.793899: I Writing recommendations at: /data/raid5/data/maximilian_hess/RecSys2023_hyperparameter_tuning/results/Untuned_movieLenz/run_1
2025-01-26 15:54:11.923881: I ******************************************
2025-01-26 15:54:13.632379: I Epoch 4/15 loss 19.16489
2025-01-26 15:54:13.648521: I Writing recommendations at: /data/raid5/data/maximilian_hess/RecSys2023_hyperparameter_tuning/results/Untuned_movieLenz/run_1
2025-01-26 15:54:15.515067: I Epoch 5/15 loss 12.48602
2025-01-26 15:54:15.528137: I Writing recommendations at: /data/raid5/data/maximilian_hess/RecSys2023_hyperparameter_tuning/results/Untuned_movieLenz/run_1
2025-01-26 15:54:15.691298: I ******************************************
2025-01-26 15:54:17.441012: I Epoch 6/15 loss 8.68487
2025-01-26 15:54:17.441630: I Writing recommendations at: /data/raid5/data/maximilian_hess/RecSys2023_hyperparameter_tuning/results/Untuned_movieLenz/run_1
2025-01-26 15:54:19.356884: I Epoch 7/15 loss 6.32922
2025-01-26 15:54:19.357427: I Writing recommendations at: /data/raid5/data/maximilian_hess/RecSys2023_hyperparameter_tuning/results/Untuned_movieLenz/run_1
2025-01-26 15:54:21.317031: I Epoch 8/15 loss 4.81025
2025-01-26 15:54:21.317612: I Writing recommendations at: /data/raid5/data/maximilian_hess/RecSys2023_hyperparameter_tuning/results/Untuned_movieLenz/run_1
2025-01-26 15:54:23.193159: I Epoch 9/15 loss 3.81653
2025-01-26 15:54:23.193674: I Writing recommendations at: /data/raid5/data/maximilian_hess/RecSys2023_hyperparameter_tuning/results/Untuned_movieLenz/run_1
2025-01-26 15:54:24.773816: I Epoch 10/15 loss 3.14787
2025-01-26 15:54:24.774862: I Writing recommendations at: /data/raid5/data/maximilian_hess/RecSys2023_hyperparameter_tuning/results/Untuned_movieLenz/run_1
2025-01-26 15:54:24.913285: I ******************************************
2025-01-26 15:54:26.383886: I Epoch 11/15 loss 2.55763
2025-01-26 15:54:26.384686: I Writing recommendations at: /data/raid5/data/maximilian_hess/RecSys2023_hyperparameter_tuning/results/Untuned_movieLenz/run_1
2025-01-26 15:54:26.649089: I ******************************************
2025-01-26 15:54:28.426256: I Epoch 12/15 loss 2.15946
2025-01-26 15:54:28.427544: I Writing recommendations at: /data/raid5/data/maximilian_hess/RecSys2023_hyperparameter_tuning/results/Untuned_movieLenz/run_1
2025-01-26 15:54:30.034212: I Epoch 13/15 loss 1.83512
2025-01-26 15:54:30.034675: I Writing recommendations at: /data/raid5/data/maximilian_hess/RecSys2023_hyperparameter_tuning/results/Untuned_movieLenz/run_1
2025-01-26 15:54:31.851660: I Epoch 14/15 loss 1.57457
2025-01-26 15:54:31.854480: I Writing recommendations at: /data/raid5/data/maximilian_hess/RecSys2023_hyperparameter_tuning/results/Untuned_movieLenz/run_1
2025-01-26 15:54:33.851439: I Epoch 15/15 loss 1.36159
2025-01-26 15:54:33.860113: I Writing recommendations at: /data/raid5/data/maximilian_hess/RecSys2023_hyperparameter_tuning/results/Untuned_movieLenz/run_1
2025-01-26 15:54:33.978194: I Loading parameters
2025-01-26 15:54:33.978676: I Parameter lr set to 0.5
2025-01-26 15:54:33.978780: I Parameter mf_factors set to 256
2025-01-26 15:54:33.978875: I Parameter is_edge_weight_train set to True
2025-01-26 15:54:36.177940: I Epoch 1/15 loss 227.44379
2025-01-26 15:54:36.178615: I Writing recommendations at: /data/raid5/data/maximilian_hess/RecSys2023_hyperparameter_tuning/results/Untuned_movieLenz/run_1
2025-01-26 15:54:36.275665: I ******************************************
2025-01-26 15:54:37.631055: I Epoch 2/15 loss 75.68893
2025-01-26 15:54:37.631635: I Writing recommendations at: /data/raid5/data/maximilian_hess/RecSys2023_hyperparameter_tuning/results/Untuned_movieLenz/run_1
2025-01-26 15:54:39.379349: I Epoch 3/15 loss 33.62358
2025-01-26 15:54:39.380335: I Writing recommendations at: /data/raid5/data/maximilian_hess/RecSys2023_hyperparameter_tuning/results/Untuned_movieLenz/run_1
2025-01-26 15:54:39.599056: I ******************************************
2025-01-26 15:54:41.452808: I Epoch 4/15 loss 19.27976
2025-01-26 15:54:41.453905: I Writing recommendations at: /data/raid5/data/maximilian_hess/RecSys2023_hyperparameter_tuning/results/Untuned_movieLenz/run_1
2025-01-26 15:54:43.246628: I Epoch 5/15 loss 12.07487
2025-01-26 15:54:43.260221: I Writing recommendations at: /data/raid5/data/maximilian_hess/RecSys2023_hyperparameter_tuning/results/Untuned_movieLenz/run_1
2025-01-26 15:54:45.138933: I Epoch 6/15 loss 8.52601
2025-01-26 15:54:45.152168: I Writing recommendations at: /data/raid5/data/maximilian_hess/RecSys2023_hyperparameter_tuning/results/Untuned_movieLenz/run_1
2025-01-26 15:54:47.207224: I Epoch 7/15 loss 6.25978
2025-01-26 15:54:47.208347: I Writing recommendations at: /data/raid5/data/maximilian_hess/RecSys2023_hyperparameter_tuning/results/Untuned_movieLenz/run_1
2025-01-26 15:54:48.640307: I Epoch 8/15 loss 4.75239
2025-01-26 15:54:48.640952: I Writing recommendations at: /data/raid5/data/maximilian_hess/RecSys2023_hyperparameter_tuning/results/Untuned_movieLenz/run_1
2025-01-26 15:54:50.050537: I Epoch 9/15 loss 3.80154
2025-01-26 15:54:50.051491: I Writing recommendations at: /data/raid5/data/maximilian_hess/RecSys2023_hyperparameter_tuning/results/Untuned_movieLenz/run_1
2025-01-26 15:54:51.341995: I Epoch 10/15 loss 3.08302
2025-01-26 15:54:51.343696: I Writing recommendations at: /data/raid5/data/maximilian_hess/RecSys2023_hyperparameter_tuning/results/Untuned_movieLenz/run_1
2025-01-26 15:54:52.787703: I Epoch 11/15 loss 2.55405
2025-01-26 15:54:52.788327: I Writing recommendations at: /data/raid5/data/maximilian_hess/RecSys2023_hyperparameter_tuning/results/Untuned_movieLenz/run_1
2025-01-26 15:54:53.942676: I Epoch 12/15 loss 2.13738
2025-01-26 15:54:53.943123: I Writing recommendations at: /data/raid5/data/maximilian_hess/RecSys2023_hyperparameter_tuning/results/Untuned_movieLenz/run_1
2025-01-26 15:54:55.149328: I Epoch 13/15 loss 1.83345
2025-01-26 15:54:55.149999: I Writing recommendations at: /data/raid5/data/maximilian_hess/RecSys2023_hyperparameter_tuning/results/Untuned_movieLenz/run_1
2025-01-26 15:54:56.589249: I Epoch 14/15 loss 1.57288
2025-01-26 15:54:56.589974: I Writing recommendations at: /data/raid5/data/maximilian_hess/RecSys2023_hyperparameter_tuning/results/Untuned_movieLenz/run_1
2025-01-26 15:54:57.695008: I Epoch 15/15 loss 1.35208
2025-01-26 15:54:57.695383: I Writing recommendations at: /data/raid5/data/maximilian_hess/RecSys2023_hyperparameter_tuning/results/Untuned_movieLenz/run_1
2025-01-26 15:54:57.753339: I ******************************************
