2025-01-26 15:44:59.386314: I Loading parameters
2025-01-26 15:44:59.386587: I Parameter lr set to 0.5
2025-01-26 15:44:59.386647: I Parameter mf_factors set to 256
2025-01-26 15:44:59.386702: I Parameter dropout set to 0
2025-01-26 15:44:59.386756: I Parameter batch_eval set to 256
2025-01-26 15:44:59.386812: I Parameter is_mf_train set to True
2025-01-26 15:44:59.386865: I Parameter is_mlp_train set to True
2025-01-26 15:44:59.386919: I Parameter m set to 8
2025-01-26 15:45:32.935314: I Epoch 1/10 loss 1582.47403
2025-01-26 15:45:32.936524: I Writing recommendations at: /data/raid5/data/maximilian_hess/RecSys2023_hyperparameter_tuning/results/Untuned_movieLenz/run_1
2025-01-26 15:45:33.126885: I ******************************************
2025-01-26 15:46:03.216352: I Epoch 2/10 loss 396.05286
2025-01-26 15:46:03.217388: I Writing recommendations at: /data/raid5/data/maximilian_hess/RecSys2023_hyperparameter_tuning/results/Untuned_movieLenz/run_1
2025-01-26 15:46:28.472758: I Epoch 3/10 loss 176.14013
2025-01-26 15:46:28.473880: I Writing recommendations at: /data/raid5/data/maximilian_hess/RecSys2023_hyperparameter_tuning/results/Untuned_movieLenz/run_1
2025-01-26 15:46:52.165605: I Epoch 4/10 loss 98.97048
2025-01-26 15:46:52.168379: I Writing recommendations at: /data/raid5/data/maximilian_hess/RecSys2023_hyperparameter_tuning/results/Untuned_movieLenz/run_1
2025-01-26 15:47:17.093546: I Epoch 5/10 loss 63.38661
2025-01-26 15:47:17.094219: I Writing recommendations at: /data/raid5/data/maximilian_hess/RecSys2023_hyperparameter_tuning/results/Untuned_movieLenz/run_1
2025-01-26 15:47:43.493938: I Epoch 6/10 loss 44.02190
2025-01-26 15:47:43.494202: I Writing recommendations at: /data/raid5/data/maximilian_hess/RecSys2023_hyperparameter_tuning/results/Untuned_movieLenz/run_1
