2025-01-26 16:08:06.071950: I Loading parameters
2025-01-26 16:08:06.072391: I Parameter lr set to 0.5
2025-01-26 16:08:06.072541: I Parameter mf_factors set to 256
2025-01-26 16:08:06.072682: I Parameter dropout set to 0
2025-01-26 16:08:06.072822: I Parameter batch_eval set to 256
2025-01-26 16:08:06.072980: I Parameter is_mf_train set to True
2025-01-26 16:08:06.073123: I Parameter is_mlp_train set to True
2025-01-26 16:08:06.073265: I Parameter m set to 8
2025-01-26 16:08:27.966278: I Epoch 1/10 loss 1285.66967
2025-01-26 16:08:27.967356: I Writing recommendations at: /data/raid5/data/maximilian_hess/RecSys2023_hyperparameter_tuning/results/Untuned_movieLenz/run_1
2025-01-26 16:08:28.068352: I ******************************************
2025-01-26 16:08:48.834968: I Epoch 2/10 loss 322.23681
2025-01-26 16:08:48.835781: I Writing recommendations at: /data/raid5/data/maximilian_hess/RecSys2023_hyperparameter_tuning/results/Untuned_movieLenz/run_1
2025-01-26 16:09:07.261469: I Epoch 3/10 loss 142.99366
2025-01-26 16:09:07.262817: I Writing recommendations at: /data/raid5/data/maximilian_hess/RecSys2023_hyperparameter_tuning/results/Untuned_movieLenz/run_1
2025-01-26 16:09:26.284951: I Epoch 4/10 loss 80.51659
2025-01-26 16:09:26.285236: I Writing recommendations at: /data/raid5/data/maximilian_hess/RecSys2023_hyperparameter_tuning/results/Untuned_movieLenz/run_1
2025-01-26 16:09:47.137755: I Epoch 5/10 loss 51.52990
2025-01-26 16:09:47.145809: I Writing recommendations at: /data/raid5/data/maximilian_hess/RecSys2023_hyperparameter_tuning/results/Untuned_movieLenz/run_1
2025-01-26 16:10:07.198161: I Epoch 6/10 loss 35.76886
2025-01-26 16:10:07.199331: I Writing recommendations at: /data/raid5/data/maximilian_hess/RecSys2023_hyperparameter_tuning/results/Untuned_movieLenz/run_1
2025-01-26 16:10:25.614837: I Epoch 7/10 loss 26.26939
2025-01-26 16:10:25.615576: I Writing recommendations at: /data/raid5/data/maximilian_hess/RecSys2023_hyperparameter_tuning/results/Untuned_movieLenz/run_1
2025-01-26 16:10:46.076508: I Epoch 8/10 loss 20.13879
2025-01-26 16:10:46.077588: I Writing recommendations at: /data/raid5/data/maximilian_hess/RecSys2023_hyperparameter_tuning/results/Untuned_movieLenz/run_1
2025-01-26 16:11:06.153726: I Epoch 9/10 loss 15.91704
2025-01-26 16:11:06.154901: I Writing recommendations at: /data/raid5/data/maximilian_hess/RecSys2023_hyperparameter_tuning/results/Untuned_movieLenz/run_1
2025-01-26 16:11:26.329576: I Epoch 10/10 loss 12.87635
2025-01-26 16:11:26.331041: I Writing recommendations at: /data/raid5/data/maximilian_hess/RecSys2023_hyperparameter_tuning/results/Untuned_movieLenz/run_1
