2025-01-26 16:15:12.557568: I Loading parameters
2025-01-26 16:15:12.558421: I Parameter lr set to 0.09
2025-01-26 16:15:12.558511: I Parameter latent_dim set to 64
2025-01-26 16:15:12.558594: I Parameter l_w set to 0.4
2025-01-26 16:15:12.558765: I Parameter weight_size set to [64]
2025-01-26 16:15:12.558873: I Parameter node_dropout set to []
2025-01-26 16:15:12.558974: I Parameter message_dropout set to [0.4]
2025-01-26 16:15:12.559065: I Parameter n_fold set to 5
2025-01-26 16:15:15.402836: I Epoch 1/15 loss 40700.93359
2025-01-26 16:15:15.406555: I Writing recommendations at: /data/raid5/data/maximilian_hess/RecSys2023_hyperparameter_tuning/results/Untuned_movieLenz/run_1
2025-01-26 16:15:15.539811: I ******************************************
2025-01-26 16:15:17.198667: I Epoch 2/15 loss 10129.92480
2025-01-26 16:15:17.199249: I Writing recommendations at: /data/raid5/data/maximilian_hess/RecSys2023_hyperparameter_tuning/results/Untuned_movieLenz/run_1
2025-01-26 16:15:19.170182: I Epoch 3/15 loss 4501.78516
2025-01-26 16:15:19.170757: I Writing recommendations at: /data/raid5/data/maximilian_hess/RecSys2023_hyperparameter_tuning/results/Untuned_movieLenz/run_1
2025-01-26 16:15:21.277223: I Epoch 4/15 loss 2532.11499
2025-01-26 16:15:21.278184: I Writing recommendations at: /data/raid5/data/maximilian_hess/RecSys2023_hyperparameter_tuning/results/Untuned_movieLenz/run_1
2025-01-26 16:15:24.168673: I Epoch 5/15 loss 1620.92281
2025-01-26 16:15:24.170004: I Writing recommendations at: /data/raid5/data/maximilian_hess/RecSys2023_hyperparameter_tuning/results/Untuned_movieLenz/run_1
2025-01-26 16:15:26.444294: I Epoch 6/15 loss 1125.27886
2025-01-26 16:15:26.444897: I Writing recommendations at: /data/raid5/data/maximilian_hess/RecSys2023_hyperparameter_tuning/results/Untuned_movieLenz/run_1
2025-01-26 16:15:28.691257: I Epoch 7/15 loss 697.73956
2025-01-26 16:15:28.702593: I Writing recommendations at: /data/raid5/data/maximilian_hess/RecSys2023_hyperparameter_tuning/results/Untuned_movieLenz/run_1
2025-01-26 16:15:31.418284: I Epoch 8/15 loss 244.27191
2025-01-26 16:15:31.432150: I Writing recommendations at: /data/raid5/data/maximilian_hess/RecSys2023_hyperparameter_tuning/results/Untuned_movieLenz/run_1
2025-01-26 16:15:31.578552: I ******************************************
2025-01-26 16:15:33.577458: I Epoch 9/15 loss 182.88721
2025-01-26 16:15:33.582722: I Writing recommendations at: /data/raid5/data/maximilian_hess/RecSys2023_hyperparameter_tuning/results/Untuned_movieLenz/run_1
2025-01-26 16:15:35.901355: I Epoch 10/15 loss 148.03679
2025-01-26 16:15:35.902333: I Writing recommendations at: /data/raid5/data/maximilian_hess/RecSys2023_hyperparameter_tuning/results/Untuned_movieLenz/run_1
2025-01-26 16:15:38.049488: I Epoch 11/15 loss 122.34341
2025-01-26 16:15:38.050030: I Writing recommendations at: /data/raid5/data/maximilian_hess/RecSys2023_hyperparameter_tuning/results/Untuned_movieLenz/run_1
2025-01-26 16:15:40.896231: I Epoch 12/15 loss 102.80244
2025-01-26 16:15:40.912251: I Writing recommendations at: /data/raid5/data/maximilian_hess/RecSys2023_hyperparameter_tuning/results/Untuned_movieLenz/run_1
2025-01-26 16:15:43.359635: I Epoch 13/15 loss 87.59498
2025-01-26 16:15:43.364082: I Writing recommendations at: /data/raid5/data/maximilian_hess/RecSys2023_hyperparameter_tuning/results/Untuned_movieLenz/run_1
2025-01-26 16:15:45.719588: I Epoch 14/15 loss 75.52833
2025-01-26 16:15:45.720332: I Writing recommendations at: /data/raid5/data/maximilian_hess/RecSys2023_hyperparameter_tuning/results/Untuned_movieLenz/run_1
2025-01-26 16:15:47.846443: I Epoch 15/15 loss 65.79356
2025-01-26 16:15:47.847390: I Writing recommendations at: /data/raid5/data/maximilian_hess/RecSys2023_hyperparameter_tuning/results/Untuned_movieLenz/run_1
2025-01-26 16:15:48.058242: I Loading parameters
2025-01-26 16:15:48.059694: I Parameter lr set to 0.09
2025-01-26 16:15:48.059807: I Parameter latent_dim set to 64
2025-01-26 16:15:48.059899: I Parameter l_w set to 0.4
2025-01-26 16:15:48.060085: I Parameter weight_size set to [64]
2025-01-26 16:15:48.060197: I Parameter node_dropout set to []
2025-01-26 16:15:48.060305: I Parameter message_dropout set to [0.4]
2025-01-26 16:15:48.060372: I Parameter n_fold set to 5
2025-01-26 16:15:51.967483: I Epoch 1/15 loss 40691.44922
2025-01-26 16:15:51.968271: I Writing recommendations at: /data/raid5/data/maximilian_hess/RecSys2023_hyperparameter_tuning/results/Untuned_movieLenz/run_1
2025-01-26 16:15:52.170520: I ******************************************
2025-01-26 16:15:54.309458: I Epoch 2/15 loss 10132.31348
2025-01-26 16:15:54.311613: I Writing recommendations at: /data/raid5/data/maximilian_hess/RecSys2023_hyperparameter_tuning/results/Untuned_movieLenz/run_1
2025-01-26 16:15:56.896939: I Epoch 3/15 loss 4501.47396
2025-01-26 16:15:56.897568: I Writing recommendations at: /data/raid5/data/maximilian_hess/RecSys2023_hyperparameter_tuning/results/Untuned_movieLenz/run_1
2025-01-26 16:15:57.039664: I ******************************************
2025-01-26 16:15:59.322583: I Epoch 4/15 loss 2531.95532
2025-01-26 16:15:59.323725: I Writing recommendations at: /data/raid5/data/maximilian_hess/RecSys2023_hyperparameter_tuning/results/Untuned_movieLenz/run_1
2025-01-26 16:16:02.167873: I Epoch 5/15 loss 1621.02516
2025-01-26 16:16:02.168427: I Writing recommendations at: /data/raid5/data/maximilian_hess/RecSys2023_hyperparameter_tuning/results/Untuned_movieLenz/run_1
2025-01-26 16:16:04.289330: I Epoch 6/15 loss 1124.90462
2025-01-26 16:16:04.291653: I Writing recommendations at: /data/raid5/data/maximilian_hess/RecSys2023_hyperparameter_tuning/results/Untuned_movieLenz/run_1
2025-01-26 16:16:06.401065: I Epoch 7/15 loss 697.93718
2025-01-26 16:16:06.401687: I Writing recommendations at: /data/raid5/data/maximilian_hess/RecSys2023_hyperparameter_tuning/results/Untuned_movieLenz/run_1
2025-01-26 16:16:08.813171: I Epoch 8/15 loss 244.25398
2025-01-26 16:16:08.814192: I Writing recommendations at: /data/raid5/data/maximilian_hess/RecSys2023_hyperparameter_tuning/results/Untuned_movieLenz/run_1
2025-01-26 16:16:08.955659: I ******************************************
2025-01-26 16:16:10.256728: I Epoch 9/15 loss 182.88706
2025-01-26 16:16:10.268273: I Writing recommendations at: /data/raid5/data/maximilian_hess/RecSys2023_hyperparameter_tuning/results/Untuned_movieLenz/run_1
2025-01-26 16:16:11.998574: I Epoch 10/15 loss 148.03679
2025-01-26 16:16:11.999239: I Writing recommendations at: /data/raid5/data/maximilian_hess/RecSys2023_hyperparameter_tuning/results/Untuned_movieLenz/run_1
2025-01-26 16:16:13.712629: I Epoch 11/15 loss 122.34341
2025-01-26 16:16:13.713338: I Writing recommendations at: /data/raid5/data/maximilian_hess/RecSys2023_hyperparameter_tuning/results/Untuned_movieLenz/run_1
2025-01-26 16:16:15.702764: I Epoch 12/15 loss 102.80244
2025-01-26 16:16:15.703695: I Writing recommendations at: /data/raid5/data/maximilian_hess/RecSys2023_hyperparameter_tuning/results/Untuned_movieLenz/run_1
2025-01-26 16:16:17.602409: I Epoch 13/15 loss 87.59498
2025-01-26 16:16:17.602580: I Writing recommendations at: /data/raid5/data/maximilian_hess/RecSys2023_hyperparameter_tuning/results/Untuned_movieLenz/run_1
2025-01-26 16:16:19.544121: I Epoch 14/15 loss 75.52833
2025-01-26 16:16:19.544949: I Writing recommendations at: /data/raid5/data/maximilian_hess/RecSys2023_hyperparameter_tuning/results/Untuned_movieLenz/run_1
2025-01-26 16:16:21.456744: I Epoch 15/15 loss 65.79356
2025-01-26 16:16:21.457169: I Writing recommendations at: /data/raid5/data/maximilian_hess/RecSys2023_hyperparameter_tuning/results/Untuned_movieLenz/run_1
2025-01-26 16:16:21.649656: I Loading parameters
2025-01-26 16:16:21.650186: I Parameter lr set to 0.09
2025-01-26 16:16:21.650260: I Parameter latent_dim set to 64
2025-01-26 16:16:21.650327: I Parameter l_w set to 0.4
2025-01-26 16:16:21.650508: I Parameter weight_size set to [64]
2025-01-26 16:16:21.650587: I Parameter node_dropout set to []
2025-01-26 16:16:21.650669: I Parameter message_dropout set to [0.4]
2025-01-26 16:16:21.650736: I Parameter n_fold set to 5
2025-01-26 16:16:24.901981: I Epoch 1/15 loss 40694.82422
2025-01-26 16:16:24.902823: I Writing recommendations at: /data/raid5/data/maximilian_hess/RecSys2023_hyperparameter_tuning/results/Untuned_movieLenz/run_1
2025-01-26 16:16:25.149891: I ******************************************
2025-01-26 16:16:26.924615: I Epoch 2/15 loss 10129.59180
2025-01-26 16:16:26.925852: I Writing recommendations at: /data/raid5/data/maximilian_hess/RecSys2023_hyperparameter_tuning/results/Untuned_movieLenz/run_1
2025-01-26 16:16:28.470658: I Epoch 3/15 loss 4500.10503
2025-01-26 16:16:28.471156: I Writing recommendations at: /data/raid5/data/maximilian_hess/RecSys2023_hyperparameter_tuning/results/Untuned_movieLenz/run_1
2025-01-26 16:16:28.594781: I ******************************************
2025-01-26 16:16:30.107732: I Epoch 4/15 loss 2533.33374
2025-01-26 16:16:30.109938: I Writing recommendations at: /data/raid5/data/maximilian_hess/RecSys2023_hyperparameter_tuning/results/Untuned_movieLenz/run_1
2025-01-26 16:16:30.255402: I ******************************************
2025-01-26 16:16:32.150769: I Epoch 5/15 loss 1621.19422
2025-01-26 16:16:32.151846: I Writing recommendations at: /data/raid5/data/maximilian_hess/RecSys2023_hyperparameter_tuning/results/Untuned_movieLenz/run_1
2025-01-26 16:16:34.386440: I Epoch 6/15 loss 1125.93240
2025-01-26 16:16:34.387411: I Writing recommendations at: /data/raid5/data/maximilian_hess/RecSys2023_hyperparameter_tuning/results/Untuned_movieLenz/run_1
2025-01-26 16:16:36.654846: I Epoch 7/15 loss 697.73023
2025-01-26 16:16:36.656400: I Writing recommendations at: /data/raid5/data/maximilian_hess/RecSys2023_hyperparameter_tuning/results/Untuned_movieLenz/run_1
2025-01-26 16:16:36.829827: I ******************************************
2025-01-26 16:16:39.201472: I Epoch 8/15 loss 244.27661
2025-01-26 16:16:39.202053: I Writing recommendations at: /data/raid5/data/maximilian_hess/RecSys2023_hyperparameter_tuning/results/Untuned_movieLenz/run_1
2025-01-26 16:16:41.578064: I Epoch 9/15 loss 182.88704
2025-01-26 16:16:41.588979: I Writing recommendations at: /data/raid5/data/maximilian_hess/RecSys2023_hyperparameter_tuning/results/Untuned_movieLenz/run_1
2025-01-26 16:16:43.662635: I Epoch 10/15 loss 148.03678
2025-01-26 16:16:43.662990: I Writing recommendations at: /data/raid5/data/maximilian_hess/RecSys2023_hyperparameter_tuning/results/Untuned_movieLenz/run_1
2025-01-26 16:16:46.072286: I Epoch 11/15 loss 122.34342
2025-01-26 16:16:46.072733: I Writing recommendations at: /data/raid5/data/maximilian_hess/RecSys2023_hyperparameter_tuning/results/Untuned_movieLenz/run_1
2025-01-26 16:16:46.298435: I ******************************************
2025-01-26 16:16:48.552910: I Epoch 12/15 loss 102.80244
2025-01-26 16:16:48.597372: I Writing recommendations at: /data/raid5/data/maximilian_hess/RecSys2023_hyperparameter_tuning/results/Untuned_movieLenz/run_1
2025-01-26 16:16:51.117040: I Epoch 13/15 loss 87.59498
2025-01-26 16:16:51.144551: I Writing recommendations at: /data/raid5/data/maximilian_hess/RecSys2023_hyperparameter_tuning/results/Untuned_movieLenz/run_1
2025-01-26 16:16:53.398807: I Epoch 14/15 loss 75.52833
2025-01-26 16:16:53.400304: I Writing recommendations at: /data/raid5/data/maximilian_hess/RecSys2023_hyperparameter_tuning/results/Untuned_movieLenz/run_1
2025-01-26 16:16:55.947697: I Epoch 15/15 loss 65.79356
2025-01-26 16:16:55.952030: I Writing recommendations at: /data/raid5/data/maximilian_hess/RecSys2023_hyperparameter_tuning/results/Untuned_movieLenz/run_1
2025-01-26 16:16:56.210717: I Loading parameters
2025-01-26 16:16:56.213234: I Parameter lr set to 0.09
2025-01-26 16:16:56.213358: I Parameter latent_dim set to 64
2025-01-26 16:16:56.220478: I Parameter l_w set to 0.4
2025-01-26 16:16:56.220763: I Parameter weight_size set to [64]
2025-01-26 16:16:56.220928: I Parameter node_dropout set to []
2025-01-26 16:16:56.221080: I Parameter message_dropout set to [0.4]
2025-01-26 16:16:56.221216: I Parameter n_fold set to 5
2025-01-26 16:17:00.146059: I Epoch 1/15 loss 40714.59766
2025-01-26 16:17:00.146624: I Writing recommendations at: /data/raid5/data/maximilian_hess/RecSys2023_hyperparameter_tuning/results/Untuned_movieLenz/run_1
2025-01-26 16:17:00.297708: I ******************************************
2025-01-26 16:17:02.109932: I Epoch 2/15 loss 10132.28125
2025-01-26 16:17:02.111034: I Writing recommendations at: /data/raid5/data/maximilian_hess/RecSys2023_hyperparameter_tuning/results/Untuned_movieLenz/run_1
2025-01-26 16:17:04.244085: I Epoch 3/15 loss 4502.28168
2025-01-26 16:17:04.245310: I Writing recommendations at: /data/raid5/data/maximilian_hess/RecSys2023_hyperparameter_tuning/results/Untuned_movieLenz/run_1
2025-01-26 16:17:06.460485: I Epoch 4/15 loss 2531.86450
2025-01-26 16:17:06.461197: I Writing recommendations at: /data/raid5/data/maximilian_hess/RecSys2023_hyperparameter_tuning/results/Untuned_movieLenz/run_1
2025-01-26 16:17:06.710852: I ******************************************
2025-01-26 16:17:08.980791: I Epoch 5/15 loss 1620.50594
2025-01-26 16:17:08.981993: I Writing recommendations at: /data/raid5/data/maximilian_hess/RecSys2023_hyperparameter_tuning/results/Untuned_movieLenz/run_1
2025-01-26 16:17:11.457919: I Epoch 6/15 loss 1125.21115
2025-01-26 16:17:11.463720: I Writing recommendations at: /data/raid5/data/maximilian_hess/RecSys2023_hyperparameter_tuning/results/Untuned_movieLenz/run_1
2025-01-26 16:17:14.167613: I Epoch 7/15 loss 697.78874
2025-01-26 16:17:14.169423: I Writing recommendations at: /data/raid5/data/maximilian_hess/RecSys2023_hyperparameter_tuning/results/Untuned_movieLenz/run_1
2025-01-26 16:17:16.948637: I Epoch 8/15 loss 244.26141
2025-01-26 16:17:16.960207: I Writing recommendations at: /data/raid5/data/maximilian_hess/RecSys2023_hyperparameter_tuning/results/Untuned_movieLenz/run_1
2025-01-26 16:17:17.099053: I ******************************************
2025-01-26 16:17:18.981755: I Epoch 9/15 loss 182.88708
2025-01-26 16:17:18.983289: I Writing recommendations at: /data/raid5/data/maximilian_hess/RecSys2023_hyperparameter_tuning/results/Untuned_movieLenz/run_1
2025-01-26 16:17:21.102302: I Epoch 10/15 loss 148.03679
2025-01-26 16:17:21.102856: I Writing recommendations at: /data/raid5/data/maximilian_hess/RecSys2023_hyperparameter_tuning/results/Untuned_movieLenz/run_1
2025-01-26 16:17:22.926195: I Epoch 11/15 loss 122.34341
2025-01-26 16:17:22.926413: I Writing recommendations at: /data/raid5/data/maximilian_hess/RecSys2023_hyperparameter_tuning/results/Untuned_movieLenz/run_1
2025-01-26 16:17:24.733866: I Epoch 12/15 loss 102.80244
2025-01-26 16:17:24.734515: I Writing recommendations at: /data/raid5/data/maximilian_hess/RecSys2023_hyperparameter_tuning/results/Untuned_movieLenz/run_1
2025-01-26 16:17:26.526981: I Epoch 13/15 loss 87.59498
2025-01-26 16:17:26.532882: I Writing recommendations at: /data/raid5/data/maximilian_hess/RecSys2023_hyperparameter_tuning/results/Untuned_movieLenz/run_1
2025-01-26 16:17:28.407348: I Epoch 14/15 loss 75.52833
2025-01-26 16:17:28.408882: I Writing recommendations at: /data/raid5/data/maximilian_hess/RecSys2023_hyperparameter_tuning/results/Untuned_movieLenz/run_1
2025-01-26 16:17:30.138057: I Epoch 15/15 loss 65.79356
2025-01-26 16:17:30.138758: I Writing recommendations at: /data/raid5/data/maximilian_hess/RecSys2023_hyperparameter_tuning/results/Untuned_movieLenz/run_1
